{"/Users/nathanlucy/Desktop/Hack Reactor/Course/FEC/fec_atelier/components/Overview.jsx": {"path":"/Users/nathanlucy/Desktop/Hack Reactor/Course/FEC/fec_atelier/components/Overview.jsx","statementMap":{"0":{"start":{"line":10,"column":4},"end":{"line":10,"column":17}},"1":{"start":{"line":11,"column":4},"end":{"line":15,"column":5}},"2":{"start":{"line":17,"column":4},"end":{"line":17,"column":51}},"3":{"start":{"line":22,"column":4},"end":{"line":22,"column":39}},"4":{"start":{"line":27,"column":4},"end":{"line":30,"column":6}},"5":{"start":{"line":35,"column":4},"end":{"line":42,"column":5}}},"fnMap":{"0":{"name":"(anonymous_0)","decl":{"start":{"line":9,"column":2},"end":{"line":9,"column":3}},"loc":{"start":{"line":9,"column":21},"end":{"line":19,"column":3}},"line":9},"1":{"name":"(anonymous_1)","decl":{"start":{"line":21,"column":2},"end":{"line":21,"column":3}},"loc":{"start":{"line":21,"column":22},"end":{"line":23,"column":3}},"line":21},"2":{"name":"(anonymous_2)","decl":{"start":{"line":26,"column":2},"end":{"line":26,"column":3}},"loc":{"start":{"line":26,"column":24},"end":{"line":31,"column":3}},"line":26},"3":{"name":"(anonymous_3)","decl":{"start":{"line":33,"column":2},"end":{"line":33,"column":3}},"loc":{"start":{"line":33,"column":11},"end":{"line":44,"column":3}},"line":33}},"branchMap":{},"s":{"0":5,"1":5,"2":5,"3":5,"4":0,"5":5},"f":{"0":5,"1":5,"2":0,"3":5},"b":{},"_coverageSchema":"1a1c01bbd47fc00a2c39e90264f33305004495a9","hash":"58c2a7fb772ad86802c2437671e791a9bc4a8534"}
,"/Users/nathanlucy/Desktop/Hack Reactor/Course/FEC/fec_atelier/mock_api/mock_product.js": {"path":"/Users/nathanlucy/Desktop/Hack Reactor/Course/FEC/fec_atelier/mock_api/mock_product.js","statementMap":{"0":{"start":{"line":1,"column":18},"end":{"line":20,"column":1}}},"fnMap":{},"branchMap":{},"s":{"0":1},"f":{},"b":{},"_coverageSchema":"1a1c01bbd47fc00a2c39e90264f33305004495a9","hash":"50ab700d1a0d4cfc52d9274e53bc440df39eacc0"}
,"/Users/nathanlucy/Desktop/Hack Reactor/Course/FEC/fec_atelier/mock_api/mock_styles.js": {"path":"/Users/nathanlucy/Desktop/Hack Reactor/Course/FEC/fec_atelier/mock_api/mock_styles.js","statementMap":{"0":{"start":{"line":1,"column":17},"end":{"line":67,"column":1}}},"fnMap":{},"branchMap":{},"s":{"0":1},"f":{},"b":{},"_coverageSchema":"1a1c01bbd47fc00a2c39e90264f33305004495a9","hash":"596e53d143bab04356ab8bb4325b1eb7a3ca63c7"}
,"/Users/nathanlucy/Desktop/Hack Reactor/Course/FEC/fec_atelier/modules/stars.js": {"path":"/Users/nathanlucy/Desktop/Hack Reactor/Course/FEC/fec_atelier/modules/stars.js","statementMap":{"0":{"start":{"line":3,"column":19},"end":{"line":52,"column":1}},"1":{"start":{"line":5,"column":22},"end":{"line":5,"column":49}},"2":{"start":{"line":8,"column":2},"end":{"line":48,"column":3}},"3":{"start":{"line":9,"column":4},"end":{"line":9,"column":19}},"4":{"start":{"line":10,"column":9},"end":{"line":48,"column":3}},"5":{"start":{"line":11,"column":4},"end":{"line":11,"column":19}},"6":{"start":{"line":12,"column":9},"end":{"line":48,"column":3}},"7":{"start":{"line":13,"column":4},"end":{"line":13,"column":19}},"8":{"start":{"line":14,"column":9},"end":{"line":48,"column":3}},"9":{"start":{"line":15,"column":4},"end":{"line":15,"column":19}},"10":{"start":{"line":16,"column":9},"end":{"line":48,"column":3}},"11":{"start":{"line":17,"column":4},"end":{"line":17,"column":20}},"12":{"start":{"line":18,"column":9},"end":{"line":48,"column":3}},"13":{"start":{"line":19,"column":4},"end":{"line":19,"column":20}},"14":{"start":{"line":20,"column":9},"end":{"line":48,"column":3}},"15":{"start":{"line":21,"column":4},"end":{"line":21,"column":20}},"16":{"start":{"line":22,"column":9},"end":{"line":48,"column":3}},"17":{"start":{"line":23,"column":4},"end":{"line":23,"column":20}},"18":{"start":{"line":24,"column":9},"end":{"line":48,"column":3}},"19":{"start":{"line":25,"column":4},"end":{"line":25,"column":20}},"20":{"start":{"line":26,"column":9},"end":{"line":48,"column":3}},"21":{"start":{"line":27,"column":4},"end":{"line":27,"column":20}},"22":{"start":{"line":28,"column":9},"end":{"line":48,"column":3}},"23":{"start":{"line":29,"column":4},"end":{"line":29,"column":20}},"24":{"start":{"line":30,"column":9},"end":{"line":48,"column":3}},"25":{"start":{"line":31,"column":4},"end":{"line":31,"column":20}},"26":{"start":{"line":32,"column":9},"end":{"line":48,"column":3}},"27":{"start":{"line":33,"column":4},"end":{"line":33,"column":20}},"28":{"start":{"line":34,"column":9},"end":{"line":48,"column":3}},"29":{"start":{"line":35,"column":4},"end":{"line":35,"column":20}},"30":{"start":{"line":36,"column":9},"end":{"line":48,"column":3}},"31":{"start":{"line":37,"column":4},"end":{"line":37,"column":20}},"32":{"start":{"line":38,"column":9},"end":{"line":48,"column":3}},"33":{"start":{"line":39,"column":4},"end":{"line":39,"column":20}},"34":{"start":{"line":40,"column":9},"end":{"line":48,"column":3}},"35":{"start":{"line":41,"column":4},"end":{"line":41,"column":20}},"36":{"start":{"line":42,"column":9},"end":{"line":48,"column":3}},"37":{"start":{"line":43,"column":4},"end":{"line":43,"column":20}},"38":{"start":{"line":44,"column":9},"end":{"line":48,"column":3}},"39":{"start":{"line":45,"column":4},"end":{"line":45,"column":20}},"40":{"start":{"line":46,"column":9},"end":{"line":48,"column":3}},"41":{"start":{"line":47,"column":4},"end":{"line":47,"column":20}},"42":{"start":{"line":50,"column":2},"end":{"line":50,"column":20}},"43":{"start":{"line":56,"column":18},"end":{"line":58,"column":1}},"44":{"start":{"line":57,"column":2},"end":{"line":57,"column":49}}},"fnMap":{"0":{"name":"(anonymous_0)","decl":{"start":{"line":3,"column":19},"end":{"line":3,"column":20}},"loc":{"start":{"line":3,"column":31},"end":{"line":52,"column":1}},"line":3},"1":{"name":"(anonymous_1)","decl":{"start":{"line":56,"column":18},"end":{"line":56,"column":19}},"loc":{"start":{"line":56,"column":30},"end":{"line":58,"column":1}},"line":56}},"branchMap":{"0":{"loc":{"start":{"line":8,"column":2},"end":{"line":48,"column":3}},"type":"if","locations":[{"start":{"line":8,"column":2},"end":{"line":48,"column":3}},{"start":{"line":10,"column":9},"end":{"line":48,"column":3}}],"line":8},"1":{"loc":{"start":{"line":10,"column":9},"end":{"line":48,"column":3}},"type":"if","locations":[{"start":{"line":10,"column":9},"end":{"line":48,"column":3}},{"start":{"line":12,"column":9},"end":{"line":48,"column":3}}],"line":10},"2":{"loc":{"start":{"line":12,"column":9},"end":{"line":48,"column":3}},"type":"if","locations":[{"start":{"line":12,"column":9},"end":{"line":48,"column":3}},{"start":{"line":14,"column":9},"end":{"line":48,"column":3}}],"line":12},"3":{"loc":{"start":{"line":14,"column":9},"end":{"line":48,"column":3}},"type":"if","locations":[{"start":{"line":14,"column":9},"end":{"line":48,"column":3}},{"start":{"line":16,"column":9},"end":{"line":48,"column":3}}],"line":14},"4":{"loc":{"start":{"line":16,"column":9},"end":{"line":48,"column":3}},"type":"if","locations":[{"start":{"line":16,"column":9},"end":{"line":48,"column":3}},{"start":{"line":18,"column":9},"end":{"line":48,"column":3}}],"line":16},"5":{"loc":{"start":{"line":18,"column":9},"end":{"line":48,"column":3}},"type":"if","locations":[{"start":{"line":18,"column":9},"end":{"line":48,"column":3}},{"start":{"line":20,"column":9},"end":{"line":48,"column":3}}],"line":18},"6":{"loc":{"start":{"line":20,"column":9},"end":{"line":48,"column":3}},"type":"if","locations":[{"start":{"line":20,"column":9},"end":{"line":48,"column":3}},{"start":{"line":22,"column":9},"end":{"line":48,"column":3}}],"line":20},"7":{"loc":{"start":{"line":22,"column":9},"end":{"line":48,"column":3}},"type":"if","locations":[{"start":{"line":22,"column":9},"end":{"line":48,"column":3}},{"start":{"line":24,"column":9},"end":{"line":48,"column":3}}],"line":22},"8":{"loc":{"start":{"line":24,"column":9},"end":{"line":48,"column":3}},"type":"if","locations":[{"start":{"line":24,"column":9},"end":{"line":48,"column":3}},{"start":{"line":26,"column":9},"end":{"line":48,"column":3}}],"line":24},"9":{"loc":{"start":{"line":26,"column":9},"end":{"line":48,"column":3}},"type":"if","locations":[{"start":{"line":26,"column":9},"end":{"line":48,"column":3}},{"start":{"line":28,"column":9},"end":{"line":48,"column":3}}],"line":26},"10":{"loc":{"start":{"line":28,"column":9},"end":{"line":48,"column":3}},"type":"if","locations":[{"start":{"line":28,"column":9},"end":{"line":48,"column":3}},{"start":{"line":30,"column":9},"end":{"line":48,"column":3}}],"line":28},"11":{"loc":{"start":{"line":30,"column":9},"end":{"line":48,"column":3}},"type":"if","locations":[{"start":{"line":30,"column":9},"end":{"line":48,"column":3}},{"start":{"line":32,"column":9},"end":{"line":48,"column":3}}],"line":30},"12":{"loc":{"start":{"line":32,"column":9},"end":{"line":48,"column":3}},"type":"if","locations":[{"start":{"line":32,"column":9},"end":{"line":48,"column":3}},{"start":{"line":34,"column":9},"end":{"line":48,"column":3}}],"line":32},"13":{"loc":{"start":{"line":34,"column":9},"end":{"line":48,"column":3}},"type":"if","locations":[{"start":{"line":34,"column":9},"end":{"line":48,"column":3}},{"start":{"line":36,"column":9},"end":{"line":48,"column":3}}],"line":34},"14":{"loc":{"start":{"line":36,"column":9},"end":{"line":48,"column":3}},"type":"if","locations":[{"start":{"line":36,"column":9},"end":{"line":48,"column":3}},{"start":{"line":38,"column":9},"end":{"line":48,"column":3}}],"line":36},"15":{"loc":{"start":{"line":38,"column":9},"end":{"line":48,"column":3}},"type":"if","locations":[{"start":{"line":38,"column":9},"end":{"line":48,"column":3}},{"start":{"line":40,"column":9},"end":{"line":48,"column":3}}],"line":38},"16":{"loc":{"start":{"line":40,"column":9},"end":{"line":48,"column":3}},"type":"if","locations":[{"start":{"line":40,"column":9},"end":{"line":48,"column":3}},{"start":{"line":42,"column":9},"end":{"line":48,"column":3}}],"line":40},"17":{"loc":{"start":{"line":42,"column":9},"end":{"line":48,"column":3}},"type":"if","locations":[{"start":{"line":42,"column":9},"end":{"line":48,"column":3}},{"start":{"line":44,"column":9},"end":{"line":48,"column":3}}],"line":42},"18":{"loc":{"start":{"line":44,"column":9},"end":{"line":48,"column":3}},"type":"if","locations":[{"start":{"line":44,"column":9},"end":{"line":48,"column":3}},{"start":{"line":46,"column":9},"end":{"line":48,"column":3}}],"line":44},"19":{"loc":{"start":{"line":46,"column":9},"end":{"line":48,"column":3}},"type":"if","locations":[{"start":{"line":46,"column":9},"end":{"line":48,"column":3}},{"start":{},"end":{}}],"line":46}},"s":{"0":1,"1":0,"2":0,"3":0,"4":0,"5":0,"6":0,"7":0,"8":0,"9":0,"10":0,"11":0,"12":0,"13":0,"14":0,"15":0,"16":0,"17":0,"18":0,"19":0,"20":0,"21":0,"22":0,"23":0,"24":0,"25":0,"26":0,"27":0,"28":0,"29":0,"30":0,"31":0,"32":0,"33":0,"34":0,"35":0,"36":0,"37":0,"38":0,"39":0,"40":0,"41":0,"42":0,"43":1,"44":0},"f":{"0":0,"1":0},"b":{"0":[0,0],"1":[0,0],"2":[0,0],"3":[0,0],"4":[0,0],"5":[0,0],"6":[0,0],"7":[0,0],"8":[0,0],"9":[0,0],"10":[0,0],"11":[0,0],"12":[0,0],"13":[0,0],"14":[0,0],"15":[0,0],"16":[0,0],"17":[0,0],"18":[0,0],"19":[0,0]},"_coverageSchema":"1a1c01bbd47fc00a2c39e90264f33305004495a9","hash":"e37656bde063d516c5a9bc26e16be69d17aa0c5e"}
,"/Users/nathanlucy/Desktop/Hack Reactor/Course/FEC/fec_atelier/subcomponents/overview/AddToCart.jsx": {"path":"/Users/nathanlucy/Desktop/Hack Reactor/Course/FEC/fec_atelier/subcomponents/overview/AddToCart.jsx","statementMap":{"0":{"start":{"line":8,"column":4},"end":{"line":8,"column":17}},"1":{"start":{"line":9,"column":4},"end":{"line":18,"column":5}},"2":{"start":{"line":20,"column":4},"end":{"line":20,"column":53}},"3":{"start":{"line":21,"column":4},"end":{"line":21,"column":49}},"4":{"start":{"line":22,"column":4},"end":{"line":22,"column":45}},"5":{"start":{"line":23,"column":4},"end":{"line":23,"column":51}},"6":{"start":{"line":24,"column":4},"end":{"line":24,"column":57}},"7":{"start":{"line":29,"column":4},"end":{"line":29,"column":39}},"8":{"start":{"line":30,"column":4},"end":{"line":30,"column":23}},"9":{"start":{"line":34,"column":4},"end":{"line":34,"column":23}},"10":{"start":{"line":39,"column":16},"end":{"line":39,"column":32}},"11":{"start":{"line":40,"column":24},"end":{"line":40,"column":43}},"12":{"start":{"line":41,"column":17},"end":{"line":41,"column":37}},"13":{"start":{"line":42,"column":24},"end":{"line":42,"column":45}},"14":{"start":{"line":44,"column":25},"end":{"line":44,"column":27}},"15":{"start":{"line":45,"column":26},"end":{"line":45,"column":28}},"16":{"start":{"line":46,"column":25},"end":{"line":46,"column":27}},"17":{"start":{"line":48,"column":21},"end":{"line":48,"column":26}},"18":{"start":{"line":51,"column":4},"end":{"line":53,"column":5}},"19":{"start":{"line":52,"column":6},"end":{"line":52,"column":98}},"20":{"start":{"line":56,"column":4},"end":{"line":59,"column":5}},"21":{"start":{"line":57,"column":17},"end":{"line":57,"column":48}},"22":{"start":{"line":58,"column":6},"end":{"line":58,"column":65}},"23":{"start":{"line":62,"column":4},"end":{"line":64,"column":5}},"24":{"start":{"line":63,"column":6},"end":{"line":63,"column":59}},"25":{"start":{"line":66,"column":23},"end":{"line":66,"column":40}},"26":{"start":{"line":70,"column":4},"end":{"line":81,"column":5}},"27":{"start":{"line":71,"column":6},"end":{"line":80,"column":8}},"28":{"start":{"line":79,"column":8},"end":{"line":79,"column":30}},"29":{"start":{"line":88,"column":23},"end":{"line":88,"column":46}},"30":{"start":{"line":89,"column":28},"end":{"line":89,"column":56}},"31":{"start":{"line":90,"column":20},"end":{"line":90,"column":46}},"32":{"start":{"line":91,"column":20},"end":{"line":91,"column":60}},"33":{"start":{"line":93,"column":4},"end":{"line":100,"column":5}},"34":{"start":{"line":94,"column":6},"end":{"line":99,"column":8}},"35":{"start":{"line":122,"column":4},"end":{"line":133,"column":5}}},"fnMap":{"0":{"name":"(anonymous_0)","decl":{"start":{"line":7,"column":2},"end":{"line":7,"column":3}},"loc":{"start":{"line":7,"column":21},"end":{"line":26,"column":3}},"line":7},"1":{"name":"(anonymous_1)","decl":{"start":{"line":28,"column":2},"end":{"line":28,"column":3}},"loc":{"start":{"line":28,"column":22},"end":{"line":31,"column":3}},"line":28},"2":{"name":"(anonymous_2)","decl":{"start":{"line":33,"column":2},"end":{"line":33,"column":3}},"loc":{"start":{"line":33,"column":23},"end":{"line":35,"column":3}},"line":33},"3":{"name":"(anonymous_3)","decl":{"start":{"line":37,"column":2},"end":{"line":37,"column":3}},"loc":{"start":{"line":37,"column":16},"end":{"line":83,"column":3}},"line":37},"4":{"name":"(anonymous_4)","decl":{"start":{"line":78,"column":9},"end":{"line":78,"column":10}},"loc":{"start":{"line":78,"column":15},"end":{"line":80,"column":7}},"line":78},"5":{"name":"(anonymous_5)","decl":{"start":{"line":86,"column":2},"end":{"line":86,"column":3}},"loc":{"start":{"line":86,"column":19},"end":{"line":102,"column":3}},"line":86},"6":{"name":"(anonymous_6)","decl":{"start":{"line":97,"column":9},"end":{"line":97,"column":10}},"loc":{"start":{"line":97,"column":15},"end":{"line":99,"column":7}},"line":97},"7":{"name":"(anonymous_7)","decl":{"start":{"line":104,"column":2},"end":{"line":104,"column":3}},"loc":{"start":{"line":104,"column":17},"end":{"line":110,"column":3}},"line":104},"8":{"name":"(anonymous_8)","decl":{"start":{"line":112,"column":2},"end":{"line":112,"column":3}},"loc":{"start":{"line":112,"column":15},"end":{"line":114,"column":3}},"line":112},"9":{"name":"(anonymous_9)","decl":{"start":{"line":116,"column":2},"end":{"line":116,"column":3}},"loc":{"start":{"line":116,"column":13},"end":{"line":118,"column":3}},"line":116},"10":{"name":"(anonymous_10)","decl":{"start":{"line":120,"column":2},"end":{"line":120,"column":3}},"loc":{"start":{"line":120,"column":11},"end":{"line":134,"column":3}},"line":120}},"branchMap":{"0":{"loc":{"start":{"line":70,"column":4},"end":{"line":81,"column":5}},"type":"if","locations":[{"start":{"line":70,"column":4},"end":{"line":81,"column":5}},{"start":{},"end":{}}],"line":70},"1":{"loc":{"start":{"line":93,"column":4},"end":{"line":100,"column":5}},"type":"if","locations":[{"start":{"line":93,"column":4},"end":{"line":100,"column":5}},{"start":{},"end":{}}],"line":93}},"s":{"0":0,"1":0,"2":0,"3":0,"4":0,"5":0,"6":0,"7":0,"8":0,"9":0,"10":0,"11":0,"12":0,"13":0,"14":0,"15":0,"16":0,"17":0,"18":0,"19":0,"20":0,"21":0,"22":0,"23":0,"24":0,"25":0,"26":0,"27":0,"28":0,"29":0,"30":0,"31":0,"32":0,"33":0,"34":0,"35":0},"f":{"0":0,"1":0,"2":0,"3":0,"4":0,"5":0,"6":0,"7":0,"8":0,"9":0,"10":0},"b":{"0":[0,0],"1":[0,0]},"_coverageSchema":"1a1c01bbd47fc00a2c39e90264f33305004495a9","hash":"fadad296302db8252986f66fbbe46e74dba0201b"}
,"/Users/nathanlucy/Desktop/Hack Reactor/Course/FEC/fec_atelier/subcomponents/overview/ImageGallery.jsx": {"path":"/Users/nathanlucy/Desktop/Hack Reactor/Course/FEC/fec_atelier/subcomponents/overview/ImageGallery.jsx","statementMap":{"0":{"start":{"line":11,"column":4},"end":{"line":11,"column":17}},"1":{"start":{"line":12,"column":4},"end":{"line":19,"column":5}},"2":{"start":{"line":21,"column":4},"end":{"line":21,"column":49}},"3":{"start":{"line":22,"column":4},"end":{"line":22,"column":63}},"4":{"start":{"line":23,"column":4},"end":{"line":23,"column":53}},"5":{"start":{"line":24,"column":4},"end":{"line":24,"column":53}},"6":{"start":{"line":25,"column":4},"end":{"line":25,"column":55}},"7":{"start":{"line":26,"column":4},"end":{"line":26,"column":47}},"8":{"start":{"line":27,"column":4},"end":{"line":27,"column":53}},"9":{"start":{"line":28,"column":4},"end":{"line":28,"column":67}},"10":{"start":{"line":34,"column":4},"end":{"line":34,"column":24}},"11":{"start":{"line":40,"column":4},"end":{"line":48,"column":5}},"12":{"start":{"line":41,"column":6},"end":{"line":47,"column":8}},"13":{"start":{"line":46,"column":8},"end":{"line":46,"column":28}},"14":{"start":{"line":55,"column":22},"end":{"line":55,"column":53}},"15":{"start":{"line":57,"column":19},"end":{"line":57,"column":21}},"16":{"start":{"line":58,"column":23},"end":{"line":58,"column":28}},"17":{"start":{"line":60,"column":4},"end":{"line":62,"column":5}},"18":{"start":{"line":60,"column":17},"end":{"line":60,"column":18}},"19":{"start":{"line":61,"column":6},"end":{"line":61,"column":40}},"20":{"start":{"line":65,"column":4},"end":{"line":69,"column":5}},"21":{"start":{"line":65,"column":17},"end":{"line":65,"column":18}},"22":{"start":{"line":66,"column":6},"end":{"line":68,"column":7}},"23":{"start":{"line":67,"column":8},"end":{"line":67,"column":28}},"24":{"start":{"line":72,"column":4},"end":{"line":82,"column":5}},"25":{"start":{"line":73,"column":6},"end":{"line":81,"column":8}},"26":{"start":{"line":77,"column":16},"end":{"line":77,"column":39}},"27":{"start":{"line":78,"column":24},"end":{"line":78,"column":45}},"28":{"start":{"line":79,"column":8},"end":{"line":79,"column":73}},"29":{"start":{"line":80,"column":8},"end":{"line":80,"column":28}},"30":{"start":{"line":92,"column":4},"end":{"line":96,"column":5}},"31":{"start":{"line":93,"column":6},"end":{"line":93,"column":22}},"32":{"start":{"line":95,"column":6},"end":{"line":95,"column":21}},"33":{"start":{"line":98,"column":4},"end":{"line":103,"column":6}},"34":{"start":{"line":102,"column":6},"end":{"line":102,"column":31}},"35":{"start":{"line":109,"column":19},"end":{"line":109,"column":33}},"36":{"start":{"line":111,"column":4},"end":{"line":115,"column":5}},"37":{"start":{"line":112,"column":6},"end":{"line":112,"column":46}},"38":{"start":{"line":114,"column":6},"end":{"line":114,"column":38}},"39":{"start":{"line":122,"column":15},"end":{"line":122,"column":31}},"40":{"start":{"line":123,"column":16},"end":{"line":123,"column":33}},"41":{"start":{"line":124,"column":16},"end":{"line":124,"column":39}},"42":{"start":{"line":126,"column":4},"end":{"line":138,"column":5}},"43":{"start":{"line":127,"column":6},"end":{"line":127,"column":39}},"44":{"start":{"line":128,"column":6},"end":{"line":128,"column":40}},"45":{"start":{"line":129,"column":11},"end":{"line":138,"column":5}},"46":{"start":{"line":130,"column":6},"end":{"line":130,"column":40}},"47":{"start":{"line":131,"column":6},"end":{"line":131,"column":41}},"48":{"start":{"line":132,"column":11},"end":{"line":138,"column":5}},"49":{"start":{"line":133,"column":6},"end":{"line":133,"column":40}},"50":{"start":{"line":134,"column":6},"end":{"line":134,"column":40}},"51":{"start":{"line":135,"column":11},"end":{"line":138,"column":5}},"52":{"start":{"line":136,"column":6},"end":{"line":136,"column":39}},"53":{"start":{"line":137,"column":6},"end":{"line":137,"column":40}},"54":{"start":{"line":144,"column":12},"end":{"line":144,"column":35}},"55":{"start":{"line":145,"column":20},"end":{"line":145,"column":41}},"56":{"start":{"line":146,"column":4},"end":{"line":146,"column":70}},"57":{"start":{"line":147,"column":4},"end":{"line":147,"column":64}},"58":{"start":{"line":155,"column":4},"end":{"line":159,"column":5}},"59":{"start":{"line":156,"column":6},"end":{"line":156,"column":45}},"60":{"start":{"line":157,"column":11},"end":{"line":159,"column":5}},"61":{"start":{"line":158,"column":6},"end":{"line":158,"column":45}},"62":{"start":{"line":161,"column":4},"end":{"line":167,"column":7}},"63":{"start":{"line":165,"column":6},"end":{"line":165,"column":26}},"64":{"start":{"line":166,"column":6},"end":{"line":166,"column":27}},"65":{"start":{"line":173,"column":19},"end":{"line":173,"column":33}},"66":{"start":{"line":174,"column":4},"end":{"line":174,"column":36}},"67":{"start":{"line":180,"column":4},"end":{"line":187,"column":5}},"68":{"start":{"line":181,"column":6},"end":{"line":186,"column":8}},"69":{"start":{"line":185,"column":8},"end":{"line":185,"column":28}},"70":{"start":{"line":193,"column":4},"end":{"line":205,"column":5}},"71":{"start":{"line":196,"column":87},"end":{"line":196,"column":112}},"72":{"start":{"line":197,"column":89},"end":{"line":197,"column":115}}},"fnMap":{"0":{"name":"(anonymous_0)","decl":{"start":{"line":10,"column":2},"end":{"line":10,"column":3}},"loc":{"start":{"line":10,"column":21},"end":{"line":30,"column":3}},"line":10},"1":{"name":"(anonymous_1)","decl":{"start":{"line":32,"column":2},"end":{"line":32,"column":3}},"loc":{"start":{"line":32,"column":22},"end":{"line":36,"column":3}},"line":32},"2":{"name":"(anonymous_2)","decl":{"start":{"line":38,"column":2},"end":{"line":38,"column":3}},"loc":{"start":{"line":38,"column":23},"end":{"line":50,"column":3}},"line":38},"3":{"name":"(anonymous_3)","decl":{"start":{"line":45,"column":9},"end":{"line":45,"column":10}},"loc":{"start":{"line":45,"column":15},"end":{"line":47,"column":7}},"line":45},"4":{"name":"(anonymous_4)","decl":{"start":{"line":53,"column":2},"end":{"line":53,"column":3}},"loc":{"start":{"line":53,"column":17},"end":{"line":84,"column":3}},"line":53},"5":{"name":"(anonymous_5)","decl":{"start":{"line":76,"column":9},"end":{"line":76,"column":10}},"loc":{"start":{"line":76,"column":15},"end":{"line":81,"column":7}},"line":76},"6":{"name":"(anonymous_6)","decl":{"start":{"line":88,"column":2},"end":{"line":88,"column":3}},"loc":{"start":{"line":88,"column":15},"end":{"line":105,"column":3}},"line":88},"7":{"name":"(anonymous_7)","decl":{"start":{"line":101,"column":7},"end":{"line":101,"column":8}},"loc":{"start":{"line":101,"column":13},"end":{"line":103,"column":5}},"line":101},"8":{"name":"(anonymous_8)","decl":{"start":{"line":107,"column":2},"end":{"line":107,"column":3}},"loc":{"start":{"line":107,"column":22},"end":{"line":117,"column":3}},"line":107},"9":{"name":"(anonymous_9)","decl":{"start":{"line":120,"column":2},"end":{"line":120,"column":3}},"loc":{"start":{"line":120,"column":17},"end":{"line":140,"column":3}},"line":120},"10":{"name":"(anonymous_10)","decl":{"start":{"line":142,"column":2},"end":{"line":142,"column":3}},"loc":{"start":{"line":142,"column":18},"end":{"line":149,"column":3}},"line":142},"11":{"name":"(anonymous_11)","decl":{"start":{"line":151,"column":2},"end":{"line":151,"column":3}},"loc":{"start":{"line":151,"column":26},"end":{"line":169,"column":3}},"line":151},"12":{"name":"(anonymous_12)","decl":{"start":{"line":164,"column":7},"end":{"line":164,"column":8}},"loc":{"start":{"line":164,"column":13},"end":{"line":167,"column":5}},"line":164},"13":{"name":"(anonymous_13)","decl":{"start":{"line":171,"column":2},"end":{"line":171,"column":3}},"loc":{"start":{"line":171,"column":14},"end":{"line":176,"column":3}},"line":171},"14":{"name":"(anonymous_14)","decl":{"start":{"line":178,"column":2},"end":{"line":178,"column":3}},"loc":{"start":{"line":178,"column":32},"end":{"line":189,"column":3}},"line":178},"15":{"name":"(anonymous_15)","decl":{"start":{"line":184,"column":9},"end":{"line":184,"column":10}},"loc":{"start":{"line":184,"column":15},"end":{"line":186,"column":7}},"line":184},"16":{"name":"(anonymous_16)","decl":{"start":{"line":191,"column":2},"end":{"line":191,"column":3}},"loc":{"start":{"line":191,"column":11},"end":{"line":207,"column":3}},"line":191},"17":{"name":"(anonymous_17)","decl":{"start":{"line":196,"column":79},"end":{"line":196,"column":80}},"loc":{"start":{"line":196,"column":85},"end":{"line":196,"column":114}},"line":196},"18":{"name":"(anonymous_18)","decl":{"start":{"line":197,"column":81},"end":{"line":197,"column":82}},"loc":{"start":{"line":197,"column":87},"end":{"line":197,"column":117}},"line":197}},"branchMap":{"0":{"loc":{"start":{"line":40,"column":4},"end":{"line":48,"column":5}},"type":"if","locations":[{"start":{"line":40,"column":4},"end":{"line":48,"column":5}},{"start":{},"end":{}}],"line":40},"1":{"loc":{"start":{"line":66,"column":6},"end":{"line":68,"column":7}},"type":"if","locations":[{"start":{"line":66,"column":6},"end":{"line":68,"column":7}},{"start":{},"end":{}}],"line":66},"2":{"loc":{"start":{"line":72,"column":4},"end":{"line":82,"column":5}},"type":"if","locations":[{"start":{"line":72,"column":4},"end":{"line":82,"column":5}},{"start":{},"end":{}}],"line":72},"3":{"loc":{"start":{"line":72,"column":8},"end":{"line":72,"column":67}},"type":"binary-expr","locations":[{"start":{"line":72,"column":8},"end":{"line":72,"column":29}},{"start":{"line":72,"column":33},"end":{"line":72,"column":67}}],"line":72},"4":{"loc":{"start":{"line":92,"column":4},"end":{"line":96,"column":5}},"type":"if","locations":[{"start":{"line":92,"column":4},"end":{"line":96,"column":5}},{"start":{"line":94,"column":11},"end":{"line":96,"column":5}}],"line":92},"5":{"loc":{"start":{"line":111,"column":4},"end":{"line":115,"column":5}},"type":"if","locations":[{"start":{"line":111,"column":4},"end":{"line":115,"column":5}},{"start":{"line":113,"column":11},"end":{"line":115,"column":5}}],"line":111},"6":{"loc":{"start":{"line":126,"column":4},"end":{"line":138,"column":5}},"type":"if","locations":[{"start":{"line":126,"column":4},"end":{"line":138,"column":5}},{"start":{"line":129,"column":11},"end":{"line":138,"column":5}}],"line":126},"7":{"loc":{"start":{"line":126,"column":8},"end":{"line":126,"column":55}},"type":"binary-expr","locations":[{"start":{"line":126,"column":8},"end":{"line":126,"column":19}},{"start":{"line":126,"column":23},"end":{"line":126,"column":55}}],"line":126},"8":{"loc":{"start":{"line":129,"column":11},"end":{"line":138,"column":5}},"type":"if","locations":[{"start":{"line":129,"column":11},"end":{"line":138,"column":5}},{"start":{"line":132,"column":11},"end":{"line":138,"column":5}}],"line":129},"9":{"loc":{"start":{"line":129,"column":15},"end":{"line":129,"column":68}},"type":"binary-expr","locations":[{"start":{"line":129,"column":15},"end":{"line":129,"column":24}},{"start":{"line":129,"column":28},"end":{"line":129,"column":68}}],"line":129},"10":{"loc":{"start":{"line":132,"column":11},"end":{"line":138,"column":5}},"type":"if","locations":[{"start":{"line":132,"column":11},"end":{"line":138,"column":5}},{"start":{"line":135,"column":11},"end":{"line":138,"column":5}}],"line":132},"11":{"loc":{"start":{"line":132,"column":15},"end":{"line":132,"column":70}},"type":"binary-expr","locations":[{"start":{"line":132,"column":15},"end":{"line":132,"column":57}},{"start":{"line":132,"column":61},"end":{"line":132,"column":70}}],"line":132},"12":{"loc":{"start":{"line":135,"column":11},"end":{"line":138,"column":5}},"type":"if","locations":[{"start":{"line":135,"column":11},"end":{"line":138,"column":5}},{"start":{},"end":{}}],"line":135},"13":{"loc":{"start":{"line":155,"column":4},"end":{"line":159,"column":5}},"type":"if","locations":[{"start":{"line":155,"column":4},"end":{"line":159,"column":5}},{"start":{"line":157,"column":11},"end":{"line":159,"column":5}}],"line":155},"14":{"loc":{"start":{"line":157,"column":11},"end":{"line":159,"column":5}},"type":"if","locations":[{"start":{"line":157,"column":11},"end":{"line":159,"column":5}},{"start":{},"end":{}}],"line":157},"15":{"loc":{"start":{"line":180,"column":4},"end":{"line":187,"column":5}},"type":"if","locations":[{"start":{"line":180,"column":4},"end":{"line":187,"column":5}},{"start":{},"end":{}}],"line":180}},"s":{"0":0,"1":0,"2":0,"3":0,"4":0,"5":0,"6":0,"7":0,"8":0,"9":0,"10":0,"11":0,"12":0,"13":0,"14":0,"15":0,"16":0,"17":0,"18":0,"19":0,"20":0,"21":0,"22":0,"23":0,"24":0,"25":0,"26":0,"27":0,"28":0,"29":0,"30":0,"31":0,"32":0,"33":0,"34":0,"35":0,"36":0,"37":0,"38":0,"39":0,"40":0,"41":0,"42":0,"43":0,"44":0,"45":0,"46":0,"47":0,"48":0,"49":0,"50":0,"51":0,"52":0,"53":0,"54":0,"55":0,"56":0,"57":0,"58":0,"59":0,"60":0,"61":0,"62":0,"63":0,"64":0,"65":0,"66":0,"67":0,"68":0,"69":0,"70":0,"71":0,"72":0},"f":{"0":0,"1":0,"2":0,"3":0,"4":0,"5":0,"6":0,"7":0,"8":0,"9":0,"10":0,"11":0,"12":0,"13":0,"14":0,"15":0,"16":0,"17":0,"18":0},"b":{"0":[0,0],"1":[0,0],"2":[0,0],"3":[0,0],"4":[0,0],"5":[0,0],"6":[0,0],"7":[0,0],"8":[0,0],"9":[0,0],"10":[0,0],"11":[0,0],"12":[0,0],"13":[0,0],"14":[0,0],"15":[0,0]},"_coverageSchema":"1a1c01bbd47fc00a2c39e90264f33305004495a9","hash":"c9ffacec7c1280fd52c94670134d917e54405830"}
,"/Users/nathanlucy/Desktop/Hack Reactor/Course/FEC/fec_atelier/subcomponents/overview/ImageInsert.jsx": {"path":"/Users/nathanlucy/Desktop/Hack Reactor/Course/FEC/fec_atelier/subcomponents/overview/ImageInsert.jsx","statementMap":{"0":{"start":{"line":8,"column":4},"end":{"line":8,"column":17}},"1":{"start":{"line":9,"column":4},"end":{"line":14,"column":5}},"2":{"start":{"line":16,"column":4},"end":{"line":16,"column":53}},"3":{"start":{"line":17,"column":4},"end":{"line":17,"column":53}},"4":{"start":{"line":18,"column":4},"end":{"line":18,"column":71}},"5":{"start":{"line":19,"column":4},"end":{"line":19,"column":53}},"6":{"start":{"line":20,"column":4},"end":{"line":20,"column":67}},"7":{"start":{"line":26,"column":4},"end":{"line":26,"column":24}},"8":{"start":{"line":32,"column":4},"end":{"line":39,"column":5}},"9":{"start":{"line":33,"column":6},"end":{"line":38,"column":8}},"10":{"start":{"line":37,"column":8},"end":{"line":37,"column":28}},"11":{"start":{"line":45,"column":22},"end":{"line":45,"column":53}},"12":{"start":{"line":46,"column":20},"end":{"line":46,"column":22}},"13":{"start":{"line":47,"column":23},"end":{"line":47,"column":28}},"14":{"start":{"line":49,"column":4},"end":{"line":51,"column":5}},"15":{"start":{"line":49,"column":17},"end":{"line":49,"column":18}},"16":{"start":{"line":50,"column":6},"end":{"line":50,"column":51}},"17":{"start":{"line":53,"column":4},"end":{"line":57,"column":5}},"18":{"start":{"line":53,"column":17},"end":{"line":53,"column":18}},"19":{"start":{"line":54,"column":6},"end":{"line":56,"column":7}},"20":{"start":{"line":55,"column":8},"end":{"line":55,"column":28}},"21":{"start":{"line":59,"column":4},"end":{"line":68,"column":5}},"22":{"start":{"line":60,"column":6},"end":{"line":67,"column":8}},"23":{"start":{"line":64,"column":16},"end":{"line":64,"column":39}},"24":{"start":{"line":65,"column":24},"end":{"line":65,"column":45}},"25":{"start":{"line":66,"column":8},"end":{"line":66,"column":73}},"26":{"start":{"line":82,"column":18},"end":{"line":82,"column":39}},"27":{"start":{"line":83,"column":17},"end":{"line":83,"column":33}},"28":{"start":{"line":84,"column":18},"end":{"line":84,"column":32}},"29":{"start":{"line":85,"column":20},"end":{"line":85,"column":36}},"30":{"start":{"line":89,"column":4},"end":{"line":98,"column":5}},"31":{"start":{"line":90,"column":6},"end":{"line":90,"column":42}},"32":{"start":{"line":91,"column":6},"end":{"line":91,"column":45}},"33":{"start":{"line":92,"column":11},"end":{"line":98,"column":5}},"34":{"start":{"line":93,"column":6},"end":{"line":93,"column":43}},"35":{"start":{"line":94,"column":6},"end":{"line":94,"column":44}},"36":{"start":{"line":96,"column":6},"end":{"line":96,"column":43}},"37":{"start":{"line":97,"column":6},"end":{"line":97,"column":45}},"38":{"start":{"line":104,"column":18},"end":{"line":104,"column":39}},"39":{"start":{"line":105,"column":17},"end":{"line":105,"column":33}},"40":{"start":{"line":108,"column":4},"end":{"line":114,"column":5}},"41":{"start":{"line":109,"column":6},"end":{"line":109,"column":30}},"42":{"start":{"line":110,"column":6},"end":{"line":110,"column":48}},"43":{"start":{"line":111,"column":11},"end":{"line":114,"column":5}},"44":{"start":{"line":112,"column":6},"end":{"line":112,"column":30}},"45":{"start":{"line":113,"column":6},"end":{"line":113,"column":48}},"46":{"start":{"line":116,"column":4},"end":{"line":116,"column":24}},"47":{"start":{"line":122,"column":4},"end":{"line":126,"column":5}},"48":{"start":{"line":122,"column":17},"end":{"line":122,"column":18}},"49":{"start":{"line":123,"column":6},"end":{"line":125,"column":7}},"50":{"start":{"line":124,"column":8},"end":{"line":124,"column":21}},"51":{"start":{"line":127,"column":4},"end":{"line":127,"column":28}},"52":{"start":{"line":132,"column":4},"end":{"line":142,"column":5}},"53":{"start":{"line":134,"column":80},"end":{"line":134,"column":103}},"54":{"start":{"line":137,"column":10},"end":{"line":137,"column":98}},"55":{"start":{"line":140,"column":84},"end":{"line":140,"column":109}}},"fnMap":{"0":{"name":"(anonymous_0)","decl":{"start":{"line":7,"column":2},"end":{"line":7,"column":3}},"loc":{"start":{"line":7,"column":21},"end":{"line":22,"column":3}},"line":7},"1":{"name":"(anonymous_1)","decl":{"start":{"line":24,"column":2},"end":{"line":24,"column":3}},"loc":{"start":{"line":24,"column":22},"end":{"line":28,"column":3}},"line":24},"2":{"name":"(anonymous_2)","decl":{"start":{"line":30,"column":2},"end":{"line":30,"column":3}},"loc":{"start":{"line":30,"column":23},"end":{"line":41,"column":3}},"line":30},"3":{"name":"(anonymous_3)","decl":{"start":{"line":36,"column":9},"end":{"line":36,"column":10}},"loc":{"start":{"line":36,"column":15},"end":{"line":38,"column":7}},"line":36},"4":{"name":"(anonymous_4)","decl":{"start":{"line":43,"column":2},"end":{"line":43,"column":3}},"loc":{"start":{"line":43,"column":17},"end":{"line":70,"column":3}},"line":43},"5":{"name":"(anonymous_5)","decl":{"start":{"line":63,"column":9},"end":{"line":63,"column":10}},"loc":{"start":{"line":63,"column":15},"end":{"line":67,"column":7}},"line":63},"6":{"name":"(anonymous_6)","decl":{"start":{"line":72,"column":2},"end":{"line":72,"column":3}},"loc":{"start":{"line":72,"column":26},"end":{"line":74,"column":3}},"line":72},"7":{"name":"(anonymous_7)","decl":{"start":{"line":76,"column":2},"end":{"line":76,"column":3}},"loc":{"start":{"line":76,"column":18},"end":{"line":100,"column":3}},"line":76},"8":{"name":"(anonymous_8)","decl":{"start":{"line":102,"column":2},"end":{"line":102,"column":3}},"loc":{"start":{"line":102,"column":26},"end":{"line":118,"column":3}},"line":102},"9":{"name":"(anonymous_9)","decl":{"start":{"line":120,"column":2},"end":{"line":120,"column":3}},"loc":{"start":{"line":120,"column":25},"end":{"line":128,"column":3}},"line":120},"10":{"name":"(anonymous_10)","decl":{"start":{"line":131,"column":2},"end":{"line":131,"column":3}},"loc":{"start":{"line":131,"column":11},"end":{"line":143,"column":3}},"line":131},"11":{"name":"(anonymous_11)","decl":{"start":{"line":134,"column":73},"end":{"line":134,"column":74}},"loc":{"start":{"line":134,"column":79},"end":{"line":134,"column":104}},"line":134},"12":{"name":"(anonymous_12)","decl":{"start":{"line":136,"column":72},"end":{"line":136,"column":73}},"loc":{"start":{"line":137,"column":10},"end":{"line":137,"column":98}},"line":137},"13":{"name":"(anonymous_13)","decl":{"start":{"line":140,"column":77},"end":{"line":140,"column":78}},"loc":{"start":{"line":140,"column":83},"end":{"line":140,"column":110}},"line":140}},"branchMap":{"0":{"loc":{"start":{"line":32,"column":4},"end":{"line":39,"column":5}},"type":"if","locations":[{"start":{"line":32,"column":4},"end":{"line":39,"column":5}},{"start":{},"end":{}}],"line":32},"1":{"loc":{"start":{"line":54,"column":6},"end":{"line":56,"column":7}},"type":"if","locations":[{"start":{"line":54,"column":6},"end":{"line":56,"column":7}},{"start":{},"end":{}}],"line":54},"2":{"loc":{"start":{"line":59,"column":4},"end":{"line":68,"column":5}},"type":"if","locations":[{"start":{"line":59,"column":4},"end":{"line":68,"column":5}},{"start":{},"end":{}}],"line":59},"3":{"loc":{"start":{"line":59,"column":8},"end":{"line":59,"column":69}},"type":"binary-expr","locations":[{"start":{"line":59,"column":8},"end":{"line":59,"column":29}},{"start":{"line":59,"column":33},"end":{"line":59,"column":69}}],"line":59},"4":{"loc":{"start":{"line":89,"column":4},"end":{"line":98,"column":5}},"type":"if","locations":[{"start":{"line":89,"column":4},"end":{"line":98,"column":5}},{"start":{"line":92,"column":11},"end":{"line":98,"column":5}}],"line":89},"5":{"loc":{"start":{"line":92,"column":11},"end":{"line":98,"column":5}},"type":"if","locations":[{"start":{"line":92,"column":11},"end":{"line":98,"column":5}},{"start":{"line":95,"column":11},"end":{"line":98,"column":5}}],"line":92},"6":{"loc":{"start":{"line":108,"column":4},"end":{"line":114,"column":5}},"type":"if","locations":[{"start":{"line":108,"column":4},"end":{"line":114,"column":5}},{"start":{"line":111,"column":11},"end":{"line":114,"column":5}}],"line":108},"7":{"loc":{"start":{"line":108,"column":8},"end":{"line":108,"column":60}},"type":"binary-expr","locations":[{"start":{"line":108,"column":8},"end":{"line":108,"column":28}},{"start":{"line":108,"column":32},"end":{"line":108,"column":60}}],"line":108},"8":{"loc":{"start":{"line":111,"column":11},"end":{"line":114,"column":5}},"type":"if","locations":[{"start":{"line":111,"column":11},"end":{"line":114,"column":5}},{"start":{},"end":{}}],"line":111},"9":{"loc":{"start":{"line":111,"column":15},"end":{"line":111,"column":65}},"type":"binary-expr","locations":[{"start":{"line":111,"column":15},"end":{"line":111,"column":33}},{"start":{"line":111,"column":37},"end":{"line":111,"column":65}}],"line":111},"10":{"loc":{"start":{"line":123,"column":6},"end":{"line":125,"column":7}},"type":"if","locations":[{"start":{"line":123,"column":6},"end":{"line":125,"column":7}},{"start":{},"end":{}}],"line":123}},"s":{"0":0,"1":0,"2":0,"3":0,"4":0,"5":0,"6":0,"7":0,"8":0,"9":0,"10":0,"11":0,"12":0,"13":0,"14":0,"15":0,"16":0,"17":0,"18":0,"19":0,"20":0,"21":0,"22":0,"23":0,"24":0,"25":0,"26":0,"27":0,"28":0,"29":0,"30":0,"31":0,"32":0,"33":0,"34":0,"35":0,"36":0,"37":0,"38":0,"39":0,"40":0,"41":0,"42":0,"43":0,"44":0,"45":0,"46":0,"47":0,"48":0,"49":0,"50":0,"51":0,"52":0,"53":0,"54":0,"55":0},"f":{"0":0,"1":0,"2":0,"3":0,"4":0,"5":0,"6":0,"7":0,"8":0,"9":0,"10":0,"11":0,"12":0,"13":0},"b":{"0":[0,0],"1":[0,0],"2":[0,0],"3":[0,0],"4":[0,0],"5":[0,0],"6":[0,0],"7":[0,0],"8":[0,0],"9":[0,0],"10":[0,0]},"_coverageSchema":"1a1c01bbd47fc00a2c39e90264f33305004495a9","hash":"a1858fd3f8d69c1e515d86a6d5bc2b7760eb508c"}
,"/Users/nathanlucy/Desktop/Hack Reactor/Course/FEC/fec_atelier/subcomponents/overview/ImageZoom.jsx": {"path":"/Users/nathanlucy/Desktop/Hack Reactor/Course/FEC/fec_atelier/subcomponents/overview/ImageZoom.jsx","statementMap":{"0":{"start":{"line":7,"column":4},"end":{"line":7,"column":17}},"1":{"start":{"line":8,"column":4},"end":{"line":14,"column":5}},"2":{"start":{"line":16,"column":4},"end":{"line":16,"column":63}},"3":{"start":{"line":17,"column":4},"end":{"line":17,"column":47}},"4":{"start":{"line":18,"column":4},"end":{"line":18,"column":47}},"5":{"start":{"line":19,"column":4},"end":{"line":19,"column":53}},"6":{"start":{"line":24,"column":4},"end":{"line":24,"column":24}},"7":{"start":{"line":28,"column":4},"end":{"line":35,"column":5}},"8":{"start":{"line":29,"column":6},"end":{"line":34,"column":8}},"9":{"start":{"line":33,"column":8},"end":{"line":33,"column":28}},"10":{"start":{"line":41,"column":22},"end":{"line":41,"column":53}},"11":{"start":{"line":42,"column":22},"end":{"line":42,"column":24}},"12":{"start":{"line":43,"column":23},"end":{"line":43,"column":28}},"13":{"start":{"line":45,"column":4},"end":{"line":47,"column":5}},"14":{"start":{"line":45,"column":17},"end":{"line":45,"column":18}},"15":{"start":{"line":46,"column":6},"end":{"line":46,"column":53}},"16":{"start":{"line":49,"column":4},"end":{"line":53,"column":5}},"17":{"start":{"line":49,"column":17},"end":{"line":49,"column":18}},"18":{"start":{"line":50,"column":6},"end":{"line":52,"column":7}},"19":{"start":{"line":51,"column":8},"end":{"line":51,"column":28}},"20":{"start":{"line":55,"column":4},"end":{"line":67,"column":5}},"21":{"start":{"line":57,"column":6},"end":{"line":65,"column":8}},"22":{"start":{"line":62,"column":16},"end":{"line":62,"column":39}},"23":{"start":{"line":63,"column":24},"end":{"line":63,"column":45}},"24":{"start":{"line":64,"column":8},"end":{"line":64,"column":73}},"25":{"start":{"line":75,"column":16},"end":{"line":75,"column":46}},"26":{"start":{"line":77,"column":4},"end":{"line":80,"column":6}},"27":{"start":{"line":86,"column":20},"end":{"line":86,"column":37}},"28":{"start":{"line":88,"column":4},"end":{"line":102,"column":5}},"29":{"start":{"line":89,"column":6},"end":{"line":89,"column":47}},"30":{"start":{"line":90,"column":6},"end":{"line":90,"column":42}},"31":{"start":{"line":91,"column":6},"end":{"line":94,"column":8}},"32":{"start":{"line":95,"column":11},"end":{"line":102,"column":5}},"33":{"start":{"line":96,"column":6},"end":{"line":96,"column":45}},"34":{"start":{"line":97,"column":6},"end":{"line":97,"column":41}},"35":{"start":{"line":98,"column":6},"end":{"line":101,"column":8}},"36":{"start":{"line":107,"column":4},"end":{"line":107,"column":27}},"37":{"start":{"line":114,"column":4},"end":{"line":124,"column":5}},"38":{"start":{"line":120,"column":10},"end":{"line":120,"column":132}}},"fnMap":{"0":{"name":"(anonymous_0)","decl":{"start":{"line":6,"column":2},"end":{"line":6,"column":3}},"loc":{"start":{"line":6,"column":21},"end":{"line":21,"column":3}},"line":6},"1":{"name":"(anonymous_1)","decl":{"start":{"line":23,"column":2},"end":{"line":23,"column":3}},"loc":{"start":{"line":23,"column":22},"end":{"line":25,"column":3}},"line":23},"2":{"name":"(anonymous_2)","decl":{"start":{"line":27,"column":2},"end":{"line":27,"column":3}},"loc":{"start":{"line":27,"column":23},"end":{"line":36,"column":3}},"line":27},"3":{"name":"(anonymous_3)","decl":{"start":{"line":32,"column":9},"end":{"line":32,"column":10}},"loc":{"start":{"line":32,"column":15},"end":{"line":34,"column":7}},"line":32},"4":{"name":"(anonymous_4)","decl":{"start":{"line":39,"column":2},"end":{"line":39,"column":3}},"loc":{"start":{"line":39,"column":17},"end":{"line":69,"column":3}},"line":39},"5":{"name":"(anonymous_5)","decl":{"start":{"line":60,"column":9},"end":{"line":60,"column":10}},"loc":{"start":{"line":60,"column":15},"end":{"line":65,"column":7}},"line":60},"6":{"name":"(anonymous_6)","decl":{"start":{"line":72,"column":2},"end":{"line":72,"column":3}},"loc":{"start":{"line":72,"column":23},"end":{"line":82,"column":3}},"line":72},"7":{"name":"(anonymous_7)","decl":{"start":{"line":84,"column":2},"end":{"line":84,"column":3}},"loc":{"start":{"line":84,"column":14},"end":{"line":104,"column":3}},"line":84},"8":{"name":"(anonymous_8)","decl":{"start":{"line":106,"column":2},"end":{"line":106,"column":3}},"loc":{"start":{"line":106,"column":14},"end":{"line":108,"column":3}},"line":106},"9":{"name":"(anonymous_9)","decl":{"start":{"line":112,"column":2},"end":{"line":112,"column":3}},"loc":{"start":{"line":112,"column":11},"end":{"line":126,"column":3}},"line":112},"10":{"name":"(anonymous_10)","decl":{"start":{"line":119,"column":40},"end":{"line":119,"column":41}},"loc":{"start":{"line":120,"column":10},"end":{"line":120,"column":132}},"line":120}},"branchMap":{"0":{"loc":{"start":{"line":28,"column":4},"end":{"line":35,"column":5}},"type":"if","locations":[{"start":{"line":28,"column":4},"end":{"line":35,"column":5}},{"start":{},"end":{}}],"line":28},"1":{"loc":{"start":{"line":50,"column":6},"end":{"line":52,"column":7}},"type":"if","locations":[{"start":{"line":50,"column":6},"end":{"line":52,"column":7}},{"start":{},"end":{}}],"line":50},"2":{"loc":{"start":{"line":55,"column":4},"end":{"line":67,"column":5}},"type":"if","locations":[{"start":{"line":55,"column":4},"end":{"line":67,"column":5}},{"start":{},"end":{}}],"line":55},"3":{"loc":{"start":{"line":55,"column":8},"end":{"line":55,"column":67}},"type":"binary-expr","locations":[{"start":{"line":55,"column":8},"end":{"line":55,"column":29}},{"start":{"line":55,"column":33},"end":{"line":55,"column":67}}],"line":55},"4":{"loc":{"start":{"line":88,"column":4},"end":{"line":102,"column":5}},"type":"if","locations":[{"start":{"line":88,"column":4},"end":{"line":102,"column":5}},{"start":{"line":95,"column":11},"end":{"line":102,"column":5}}],"line":88},"5":{"loc":{"start":{"line":95,"column":11},"end":{"line":102,"column":5}},"type":"if","locations":[{"start":{"line":95,"column":11},"end":{"line":102,"column":5}},{"start":{},"end":{}}],"line":95}},"s":{"0":0,"1":0,"2":0,"3":0,"4":0,"5":0,"6":0,"7":0,"8":0,"9":0,"10":0,"11":0,"12":0,"13":0,"14":0,"15":0,"16":0,"17":0,"18":0,"19":0,"20":0,"21":0,"22":0,"23":0,"24":0,"25":0,"26":0,"27":0,"28":0,"29":0,"30":0,"31":0,"32":0,"33":0,"34":0,"35":0,"36":0,"37":0,"38":0},"f":{"0":0,"1":0,"2":0,"3":0,"4":0,"5":0,"6":0,"7":0,"8":0,"9":0,"10":0},"b":{"0":[0,0],"1":[0,0],"2":[0,0],"3":[0,0],"4":[0,0],"5":[0,0]},"_coverageSchema":"1a1c01bbd47fc00a2c39e90264f33305004495a9","hash":"851f75b80e28fb5435db290007e90d6469bb829a"}
,"/Users/nathanlucy/Desktop/Hack Reactor/Course/FEC/fec_atelier/subcomponents/overview/MainImage.jsx": {"path":"/Users/nathanlucy/Desktop/Hack Reactor/Course/FEC/fec_atelier/subcomponents/overview/MainImage.jsx","statementMap":{"0":{"start":{"line":3,"column":16},"end":{"line":15,"column":1}},"1":{"start":{"line":5,"column":21},"end":{"line":7,"column":3}},"2":{"start":{"line":6,"column":4},"end":{"line":6,"column":23}},"3":{"start":{"line":9,"column":2},"end":{"line":13,"column":3}}},"fnMap":{"0":{"name":"(anonymous_0)","decl":{"start":{"line":3,"column":16},"end":{"line":3,"column":17}},"loc":{"start":{"line":3,"column":27},"end":{"line":15,"column":1}},"line":3},"1":{"name":"(anonymous_1)","decl":{"start":{"line":5,"column":21},"end":{"line":5,"column":22}},"loc":{"start":{"line":5,"column":27},"end":{"line":7,"column":3}},"line":5}},"branchMap":{},"s":{"0":1,"1":0,"2":0,"3":0},"f":{"0":0,"1":0},"b":{},"_coverageSchema":"1a1c01bbd47fc00a2c39e90264f33305004495a9","hash":"884140e1a6091ce8a7f7f1233d03191a278a4bd7"}
,"/Users/nathanlucy/Desktop/Hack Reactor/Course/FEC/fec_atelier/subcomponents/overview/ProductInfo.jsx": {"path":"/Users/nathanlucy/Desktop/Hack Reactor/Course/FEC/fec_atelier/subcomponents/overview/ProductInfo.jsx","statementMap":{"0":{"start":{"line":4,"column":18},"end":{"line":23,"column":1}},"1":{"start":{"line":6,"column":13},"end":{"line":6,"column":31}},"2":{"start":{"line":7,"column":17},"end":{"line":7,"column":39}},"3":{"start":{"line":8,"column":14},"end":{"line":8,"column":41}},"4":{"start":{"line":9,"column":17},"end":{"line":9,"column":42}},"5":{"start":{"line":11,"column":2},"end":{"line":21,"column":3}}},"fnMap":{"0":{"name":"(anonymous_0)","decl":{"start":{"line":4,"column":18},"end":{"line":4,"column":19}},"loc":{"start":{"line":4,"column":29},"end":{"line":23,"column":1}},"line":4}},"branchMap":{},"s":{"0":1,"1":0,"2":0,"3":0,"4":0,"5":0},"f":{"0":0},"b":{},"_coverageSchema":"1a1c01bbd47fc00a2c39e90264f33305004495a9","hash":"ba7779cc1a0c9dc88fb7f265b424227056b2846a"}
,"/Users/nathanlucy/Desktop/Hack Reactor/Course/FEC/fec_atelier/subcomponents/overview/Quantity.jsx": {"path":"/Users/nathanlucy/Desktop/Hack Reactor/Course/FEC/fec_atelier/subcomponents/overview/Quantity.jsx","statementMap":{"0":{"start":{"line":3,"column":15},"end":{"line":22,"column":1}},"1":{"start":{"line":6,"column":2},"end":{"line":10,"column":3}},"2":{"start":{"line":7,"column":4},"end":{"line":9,"column":5}},"3":{"start":{"line":12,"column":17},"end":{"line":12,"column":48}},"4":{"start":{"line":14,"column":2},"end":{"line":20,"column":3}},"5":{"start":{"line":17,"column":6},"end":{"line":17,"column":55}},"6":{"start":{"line":26,"column":22},"end":{"line":40,"column":1}},"7":{"start":{"line":28,"column":15},"end":{"line":28,"column":17}},"8":{"start":{"line":30,"column":2},"end":{"line":32,"column":3}},"9":{"start":{"line":30,"column":15},"end":{"line":30,"column":16}},"10":{"start":{"line":31,"column":4},"end":{"line":31,"column":19}},"11":{"start":{"line":34,"column":2},"end":{"line":36,"column":3}},"12":{"start":{"line":35,"column":4},"end":{"line":35,"column":34}},"13":{"start":{"line":38,"column":2},"end":{"line":38,"column":16}}},"fnMap":{"0":{"name":"(anonymous_0)","decl":{"start":{"line":3,"column":15},"end":{"line":3,"column":16}},"loc":{"start":{"line":3,"column":26},"end":{"line":22,"column":1}},"line":3},"1":{"name":"(anonymous_1)","decl":{"start":{"line":16,"column":72},"end":{"line":16,"column":73}},"loc":{"start":{"line":17,"column":6},"end":{"line":17,"column":55}},"line":17},"2":{"name":"(anonymous_2)","decl":{"start":{"line":26,"column":22},"end":{"line":26,"column":23}},"loc":{"start":{"line":26,"column":36},"end":{"line":40,"column":1}},"line":26}},"branchMap":{"0":{"loc":{"start":{"line":6,"column":2},"end":{"line":10,"column":3}},"type":"if","locations":[{"start":{"line":6,"column":2},"end":{"line":10,"column":3}},{"start":{},"end":{}}],"line":6},"1":{"loc":{"start":{"line":34,"column":2},"end":{"line":36,"column":3}},"type":"if","locations":[{"start":{"line":34,"column":2},"end":{"line":36,"column":3}},{"start":{},"end":{}}],"line":34}},"s":{"0":1,"1":0,"2":0,"3":0,"4":0,"5":0,"6":1,"7":0,"8":0,"9":0,"10":0,"11":0,"12":0,"13":0},"f":{"0":0,"1":0,"2":0},"b":{"0":[0,0],"1":[0,0]},"_coverageSchema":"1a1c01bbd47fc00a2c39e90264f33305004495a9","hash":"70c6ec39337f41e6bf832d69cc9763259fa0377d"}
,"/Users/nathanlucy/Desktop/Hack Reactor/Course/FEC/fec_atelier/subcomponents/overview/Size.jsx": {"path":"/Users/nathanlucy/Desktop/Hack Reactor/Course/FEC/fec_atelier/subcomponents/overview/Size.jsx","statementMap":{"0":{"start":{"line":3,"column":11},"end":{"line":23,"column":1}},"1":{"start":{"line":5,"column":2},"end":{"line":9,"column":3}},"2":{"start":{"line":6,"column":4},"end":{"line":8,"column":5}},"3":{"start":{"line":11,"column":21},"end":{"line":13,"column":3}},"4":{"start":{"line":15,"column":2},"end":{"line":21,"column":3}},"5":{"start":{"line":18,"column":6},"end":{"line":18,"column":55}}},"fnMap":{"0":{"name":"(anonymous_0)","decl":{"start":{"line":3,"column":11},"end":{"line":3,"column":12}},"loc":{"start":{"line":3,"column":22},"end":{"line":23,"column":1}},"line":3},"1":{"name":"(anonymous_1)","decl":{"start":{"line":11,"column":21},"end":{"line":11,"column":22}},"loc":{"start":{"line":11,"column":28},"end":{"line":13,"column":3}},"line":11},"2":{"name":"(anonymous_2)","decl":{"start":{"line":17,"column":98},"end":{"line":17,"column":99}},"loc":{"start":{"line":18,"column":6},"end":{"line":18,"column":55}},"line":18}},"branchMap":{"0":{"loc":{"start":{"line":5,"column":2},"end":{"line":9,"column":3}},"type":"if","locations":[{"start":{"line":5,"column":2},"end":{"line":9,"column":3}},{"start":{},"end":{}}],"line":5}},"s":{"0":1,"1":0,"2":0,"3":0,"4":0,"5":0},"f":{"0":0,"1":0,"2":0},"b":{"0":[0,0]},"_coverageSchema":"1a1c01bbd47fc00a2c39e90264f33305004495a9","hash":"de4697d3829fc4c4cc2ac10cf2c44568260f16cd"}
,"/Users/nathanlucy/Desktop/Hack Reactor/Course/FEC/fec_atelier/subcomponents/overview/Stars.jsx": {"path":"/Users/nathanlucy/Desktop/Hack Reactor/Course/FEC/fec_atelier/subcomponents/overview/Stars.jsx","statementMap":{"0":{"start":{"line":4,"column":12},"end":{"line":24,"column":1}},"1":{"start":{"line":9,"column":15},"end":{"line":9,"column":30}},"2":{"start":{"line":11,"column":2},"end":{"line":22,"column":3}}},"fnMap":{"0":{"name":"(anonymous_0)","decl":{"start":{"line":4,"column":12},"end":{"line":4,"column":13}},"loc":{"start":{"line":4,"column":23},"end":{"line":24,"column":1}},"line":4}},"branchMap":{},"s":{"0":1,"1":0,"2":0},"f":{"0":0},"b":{},"_coverageSchema":"1a1c01bbd47fc00a2c39e90264f33305004495a9","hash":"31fa41ac3c1a6d12676c4e08a2acb89737e98f3d"}
,"/Users/nathanlucy/Desktop/Hack Reactor/Course/FEC/fec_atelier/subcomponents/overview/Style.jsx": {"path":"/Users/nathanlucy/Desktop/Hack Reactor/Course/FEC/fec_atelier/subcomponents/overview/Style.jsx","statementMap":{"0":{"start":{"line":4,"column":12},"end":{"line":36,"column":1}},"1":{"start":{"line":8,"column":14},"end":{"line":8,"column":33}},"2":{"start":{"line":10,"column":20},"end":{"line":14,"column":3}},"3":{"start":{"line":12,"column":4},"end":{"line":12,"column":25}},"4":{"start":{"line":16,"column":2},"end":{"line":34,"column":3}},"5":{"start":{"line":19,"column":8},"end":{"line":31,"column":9}},"6":{"start":{"line":20,"column":10},"end":{"line":26,"column":11}},"7":{"start":{"line":24,"column":61},"end":{"line":24,"column":75}},"8":{"start":{"line":28,"column":10},"end":{"line":30,"column":11}},"9":{"start":{"line":29,"column":65},"end":{"line":29,"column":79}}},"fnMap":{"0":{"name":"(anonymous_0)","decl":{"start":{"line":4,"column":12},"end":{"line":4,"column":13}},"loc":{"start":{"line":4,"column":23},"end":{"line":36,"column":1}},"line":4},"1":{"name":"(anonymous_1)","decl":{"start":{"line":10,"column":20},"end":{"line":10,"column":21}},"loc":{"start":{"line":10,"column":27},"end":{"line":14,"column":3}},"line":10},"2":{"name":"(anonymous_2)","decl":{"start":{"line":18,"column":53},"end":{"line":18,"column":54}},"loc":{"start":{"line":18,"column":66},"end":{"line":32,"column":7}},"line":18},"3":{"name":"(anonymous_3)","decl":{"start":{"line":24,"column":54},"end":{"line":24,"column":55}},"loc":{"start":{"line":24,"column":60},"end":{"line":24,"column":76}},"line":24},"4":{"name":"(anonymous_4)","decl":{"start":{"line":29,"column":58},"end":{"line":29,"column":59}},"loc":{"start":{"line":29,"column":64},"end":{"line":29,"column":80}},"line":29}},"branchMap":{"0":{"loc":{"start":{"line":19,"column":8},"end":{"line":31,"column":9}},"type":"if","locations":[{"start":{"line":19,"column":8},"end":{"line":31,"column":9}},{"start":{"line":27,"column":15},"end":{"line":31,"column":9}}],"line":19}},"s":{"0":1,"1":0,"2":0,"3":0,"4":0,"5":0,"6":0,"7":0,"8":0,"9":0},"f":{"0":0,"1":0,"2":0,"3":0,"4":0},"b":{"0":[0,0]},"_coverageSchema":"1a1c01bbd47fc00a2c39e90264f33305004495a9","hash":"08be248565d66e920e73bd1b81209d7d9412a6bd"}
,"/Users/nathanlucy/Desktop/Hack Reactor/Course/FEC/fec_atelier/subcomponents/overview/StyleSelector.jsx": {"path":"/Users/nathanlucy/Desktop/Hack Reactor/Course/FEC/fec_atelier/subcomponents/overview/StyleSelector.jsx","statementMap":{"0":{"start":{"line":8,"column":4},"end":{"line":8,"column":17}},"1":{"start":{"line":9,"column":4},"end":{"line":13,"column":5}},"2":{"start":{"line":15,"column":4},"end":{"line":15,"column":51}},"3":{"start":{"line":16,"column":4},"end":{"line":16,"column":53}},"4":{"start":{"line":22,"column":4},"end":{"line":22,"column":24}},"5":{"start":{"line":29,"column":17},"end":{"line":29,"column":42}},"6":{"start":{"line":30,"column":20},"end":{"line":30,"column":22}},"7":{"start":{"line":31,"column":21},"end":{"line":31,"column":23}},"8":{"start":{"line":33,"column":4},"end":{"line":36,"column":5}},"9":{"start":{"line":33,"column":17},"end":{"line":33,"column":18}},"10":{"start":{"line":34,"column":6},"end":{"line":34,"column":38}},"11":{"start":{"line":35,"column":6},"end":{"line":35,"column":46}},"12":{"start":{"line":38,"column":4},"end":{"line":44,"column":6}},"13":{"start":{"line":49,"column":4},"end":{"line":54,"column":6}},"14":{"start":{"line":53,"column":6},"end":{"line":53,"column":55}},"15":{"start":{"line":60,"column":4},"end":{"line":64,"column":5}}},"fnMap":{"0":{"name":"(anonymous_0)","decl":{"start":{"line":7,"column":2},"end":{"line":7,"column":3}},"loc":{"start":{"line":7,"column":21},"end":{"line":18,"column":3}},"line":7},"1":{"name":"(anonymous_1)","decl":{"start":{"line":20,"column":2},"end":{"line":20,"column":3}},"loc":{"start":{"line":20,"column":22},"end":{"line":24,"column":3}},"line":20},"2":{"name":"(anonymous_2)","decl":{"start":{"line":26,"column":2},"end":{"line":26,"column":3}},"loc":{"start":{"line":26,"column":17},"end":{"line":46,"column":3}},"line":26},"3":{"name":"(anonymous_3)","decl":{"start":{"line":48,"column":2},"end":{"line":48,"column":3}},"loc":{"start":{"line":48,"column":21},"end":{"line":55,"column":3}},"line":48},"4":{"name":"(anonymous_4)","decl":{"start":{"line":52,"column":7},"end":{"line":52,"column":8}},"loc":{"start":{"line":52,"column":13},"end":{"line":54,"column":5}},"line":52},"5":{"name":"(anonymous_5)","decl":{"start":{"line":59,"column":2},"end":{"line":59,"column":3}},"loc":{"start":{"line":59,"column":11},"end":{"line":65,"column":3}},"line":59}},"branchMap":{},"s":{"0":0,"1":0,"2":0,"3":0,"4":0,"5":0,"6":0,"7":0,"8":0,"9":0,"10":0,"11":0,"12":0,"13":0,"14":0,"15":0},"f":{"0":0,"1":0,"2":0,"3":0,"4":0,"5":0},"b":{},"_coverageSchema":"1a1c01bbd47fc00a2c39e90264f33305004495a9","hash":"09e2b627ac78ff020bbafee91c52c203d6df6619"}
}
