{"/Users/joe/Documents/RPP32/senior-phase/fec_atelier/components/RelatedItems.jsx": {"path":"/Users/joe/Documents/RPP32/senior-phase/fec_atelier/components/RelatedItems.jsx","statementMap":{"0":{"start":{"line":11,"column":4},"end":{"line":11,"column":17}},"1":{"start":{"line":12,"column":4},"end":{"line":18,"column":5}},"2":{"start":{"line":20,"column":4},"end":{"line":20,"column":73}},"3":{"start":{"line":21,"column":4},"end":{"line":21,"column":73}},"4":{"start":{"line":22,"column":4},"end":{"line":22,"column":53}},"5":{"start":{"line":23,"column":4},"end":{"line":23,"column":63}},"6":{"start":{"line":24,"column":4},"end":{"line":24,"column":63}},"7":{"start":{"line":25,"column":4},"end":{"line":25,"column":49}},"8":{"start":{"line":30,"column":4},"end":{"line":30,"column":38}},"9":{"start":{"line":36,"column":4},"end":{"line":36,"column":24}},"10":{"start":{"line":37,"column":4},"end":{"line":37,"column":38}},"11":{"start":{"line":38,"column":4},"end":{"line":40,"column":6}},"12":{"start":{"line":44,"column":4},"end":{"line":44,"column":24}},"13":{"start":{"line":45,"column":4},"end":{"line":47,"column":6}},"14":{"start":{"line":52,"column":4},"end":{"line":52,"column":39}},"15":{"start":{"line":57,"column":4},"end":{"line":57,"column":43}},"16":{"start":{"line":65,"column":4},"end":{"line":68,"column":7}},"17":{"start":{"line":72,"column":4},"end":{"line":79,"column":5}}},"fnMap":{"0":{"name":"(anonymous_0)","decl":{"start":{"line":10,"column":2},"end":{"line":10,"column":3}},"loc":{"start":{"line":10,"column":21},"end":{"line":26,"column":3}},"line":10},"1":{"name":"(anonymous_1)","decl":{"start":{"line":29,"column":2},"end":{"line":29,"column":3}},"loc":{"start":{"line":29,"column":28},"end":{"line":31,"column":3}},"line":29},"2":{"name":"(anonymous_2)","decl":{"start":{"line":35,"column":2},"end":{"line":35,"column":3}},"loc":{"start":{"line":35,"column":28},"end":{"line":41,"column":3}},"line":35},"3":{"name":"(anonymous_3)","decl":{"start":{"line":43,"column":2},"end":{"line":43,"column":3}},"loc":{"start":{"line":43,"column":15},"end":{"line":48,"column":3}},"line":43},"4":{"name":"(anonymous_4)","decl":{"start":{"line":51,"column":2},"end":{"line":51,"column":3}},"loc":{"start":{"line":51,"column":18},"end":{"line":53,"column":3}},"line":51},"5":{"name":"(anonymous_5)","decl":{"start":{"line":56,"column":2},"end":{"line":56,"column":3}},"loc":{"start":{"line":56,"column":23},"end":{"line":58,"column":3}},"line":56},"6":{"name":"(anonymous_6)","decl":{"start":{"line":61,"column":2},"end":{"line":61,"column":3}},"loc":{"start":{"line":61,"column":22},"end":{"line":62,"column":3}},"line":61},"7":{"name":"(anonymous_7)","decl":{"start":{"line":64,"column":2},"end":{"line":64,"column":3}},"loc":{"start":{"line":64,"column":22},"end":{"line":69,"column":3}},"line":64},"8":{"name":"(anonymous_8)","decl":{"start":{"line":71,"column":2},"end":{"line":71,"column":3}},"loc":{"start":{"line":71,"column":11},"end":{"line":80,"column":3}},"line":71}},"branchMap":{"0":{"loc":{"start":{"line":75,"column":9},"end":{"line":75,"column":231}},"type":"cond-expr","locations":[{"start":{"line":75,"column":50},"end":{"line":75,"column":224}},{"start":{"line":75,"column":227},"end":{"line":75,"column":231}}],"line":75},"1":{"loc":{"start":{"line":77,"column":9},"end":{"line":77,"column":78}},"type":"cond-expr","locations":[{"start":{"line":77,"column":28},"end":{"line":77,"column":71}},{"start":{"line":77,"column":74},"end":{"line":77,"column":78}}],"line":77}},"s":{"0":4,"1":4,"2":4,"3":4,"4":4,"5":4,"6":4,"7":4,"8":0,"9":0,"10":0,"11":0,"12":0,"13":0,"14":0,"15":0,"16":4,"17":8},"f":{"0":4,"1":0,"2":0,"3":0,"4":0,"5":0,"6":0,"7":4,"8":8},"b":{"0":[0,4],"1":[0,4]},"_coverageSchema":"1a1c01bbd47fc00a2c39e90264f33305004495a9","hash":"eec4b73c596dad05332646d42e7a982f333d94e4"}
,"/Users/joe/Documents/RPP32/senior-phase/fec_atelier/modules/stars.js": {"path":"/Users/joe/Documents/RPP32/senior-phase/fec_atelier/modules/stars.js","statementMap":{"0":{"start":{"line":3,"column":19},"end":{"line":52,"column":1}},"1":{"start":{"line":5,"column":22},"end":{"line":5,"column":49}},"2":{"start":{"line":8,"column":2},"end":{"line":48,"column":3}},"3":{"start":{"line":9,"column":4},"end":{"line":9,"column":19}},"4":{"start":{"line":10,"column":9},"end":{"line":48,"column":3}},"5":{"start":{"line":11,"column":4},"end":{"line":11,"column":19}},"6":{"start":{"line":12,"column":9},"end":{"line":48,"column":3}},"7":{"start":{"line":13,"column":4},"end":{"line":13,"column":19}},"8":{"start":{"line":14,"column":9},"end":{"line":48,"column":3}},"9":{"start":{"line":15,"column":4},"end":{"line":15,"column":19}},"10":{"start":{"line":16,"column":9},"end":{"line":48,"column":3}},"11":{"start":{"line":17,"column":4},"end":{"line":17,"column":20}},"12":{"start":{"line":18,"column":9},"end":{"line":48,"column":3}},"13":{"start":{"line":19,"column":4},"end":{"line":19,"column":20}},"14":{"start":{"line":20,"column":9},"end":{"line":48,"column":3}},"15":{"start":{"line":21,"column":4},"end":{"line":21,"column":20}},"16":{"start":{"line":22,"column":9},"end":{"line":48,"column":3}},"17":{"start":{"line":23,"column":4},"end":{"line":23,"column":20}},"18":{"start":{"line":24,"column":9},"end":{"line":48,"column":3}},"19":{"start":{"line":25,"column":4},"end":{"line":25,"column":20}},"20":{"start":{"line":26,"column":9},"end":{"line":48,"column":3}},"21":{"start":{"line":27,"column":4},"end":{"line":27,"column":20}},"22":{"start":{"line":28,"column":9},"end":{"line":48,"column":3}},"23":{"start":{"line":29,"column":4},"end":{"line":29,"column":20}},"24":{"start":{"line":30,"column":9},"end":{"line":48,"column":3}},"25":{"start":{"line":31,"column":4},"end":{"line":31,"column":20}},"26":{"start":{"line":32,"column":9},"end":{"line":48,"column":3}},"27":{"start":{"line":33,"column":4},"end":{"line":33,"column":20}},"28":{"start":{"line":34,"column":9},"end":{"line":48,"column":3}},"29":{"start":{"line":35,"column":4},"end":{"line":35,"column":20}},"30":{"start":{"line":36,"column":9},"end":{"line":48,"column":3}},"31":{"start":{"line":37,"column":4},"end":{"line":37,"column":20}},"32":{"start":{"line":38,"column":9},"end":{"line":48,"column":3}},"33":{"start":{"line":39,"column":4},"end":{"line":39,"column":20}},"34":{"start":{"line":40,"column":9},"end":{"line":48,"column":3}},"35":{"start":{"line":41,"column":4},"end":{"line":41,"column":20}},"36":{"start":{"line":42,"column":9},"end":{"line":48,"column":3}},"37":{"start":{"line":43,"column":4},"end":{"line":43,"column":20}},"38":{"start":{"line":44,"column":9},"end":{"line":48,"column":3}},"39":{"start":{"line":45,"column":4},"end":{"line":45,"column":20}},"40":{"start":{"line":46,"column":9},"end":{"line":48,"column":3}},"41":{"start":{"line":47,"column":4},"end":{"line":47,"column":20}},"42":{"start":{"line":50,"column":2},"end":{"line":50,"column":20}},"43":{"start":{"line":56,"column":18},"end":{"line":58,"column":1}},"44":{"start":{"line":57,"column":2},"end":{"line":57,"column":49}}},"fnMap":{"0":{"name":"(anonymous_0)","decl":{"start":{"line":3,"column":19},"end":{"line":3,"column":20}},"loc":{"start":{"line":3,"column":31},"end":{"line":52,"column":1}},"line":3},"1":{"name":"(anonymous_1)","decl":{"start":{"line":56,"column":18},"end":{"line":56,"column":19}},"loc":{"start":{"line":56,"column":30},"end":{"line":58,"column":1}},"line":56}},"branchMap":{"0":{"loc":{"start":{"line":8,"column":2},"end":{"line":48,"column":3}},"type":"if","locations":[{"start":{"line":8,"column":2},"end":{"line":48,"column":3}},{"start":{"line":10,"column":9},"end":{"line":48,"column":3}}],"line":8},"1":{"loc":{"start":{"line":10,"column":9},"end":{"line":48,"column":3}},"type":"if","locations":[{"start":{"line":10,"column":9},"end":{"line":48,"column":3}},{"start":{"line":12,"column":9},"end":{"line":48,"column":3}}],"line":10},"2":{"loc":{"start":{"line":12,"column":9},"end":{"line":48,"column":3}},"type":"if","locations":[{"start":{"line":12,"column":9},"end":{"line":48,"column":3}},{"start":{"line":14,"column":9},"end":{"line":48,"column":3}}],"line":12},"3":{"loc":{"start":{"line":14,"column":9},"end":{"line":48,"column":3}},"type":"if","locations":[{"start":{"line":14,"column":9},"end":{"line":48,"column":3}},{"start":{"line":16,"column":9},"end":{"line":48,"column":3}}],"line":14},"4":{"loc":{"start":{"line":16,"column":9},"end":{"line":48,"column":3}},"type":"if","locations":[{"start":{"line":16,"column":9},"end":{"line":48,"column":3}},{"start":{"line":18,"column":9},"end":{"line":48,"column":3}}],"line":16},"5":{"loc":{"start":{"line":18,"column":9},"end":{"line":48,"column":3}},"type":"if","locations":[{"start":{"line":18,"column":9},"end":{"line":48,"column":3}},{"start":{"line":20,"column":9},"end":{"line":48,"column":3}}],"line":18},"6":{"loc":{"start":{"line":20,"column":9},"end":{"line":48,"column":3}},"type":"if","locations":[{"start":{"line":20,"column":9},"end":{"line":48,"column":3}},{"start":{"line":22,"column":9},"end":{"line":48,"column":3}}],"line":20},"7":{"loc":{"start":{"line":22,"column":9},"end":{"line":48,"column":3}},"type":"if","locations":[{"start":{"line":22,"column":9},"end":{"line":48,"column":3}},{"start":{"line":24,"column":9},"end":{"line":48,"column":3}}],"line":22},"8":{"loc":{"start":{"line":24,"column":9},"end":{"line":48,"column":3}},"type":"if","locations":[{"start":{"line":24,"column":9},"end":{"line":48,"column":3}},{"start":{"line":26,"column":9},"end":{"line":48,"column":3}}],"line":24},"9":{"loc":{"start":{"line":26,"column":9},"end":{"line":48,"column":3}},"type":"if","locations":[{"start":{"line":26,"column":9},"end":{"line":48,"column":3}},{"start":{"line":28,"column":9},"end":{"line":48,"column":3}}],"line":26},"10":{"loc":{"start":{"line":28,"column":9},"end":{"line":48,"column":3}},"type":"if","locations":[{"start":{"line":28,"column":9},"end":{"line":48,"column":3}},{"start":{"line":30,"column":9},"end":{"line":48,"column":3}}],"line":28},"11":{"loc":{"start":{"line":30,"column":9},"end":{"line":48,"column":3}},"type":"if","locations":[{"start":{"line":30,"column":9},"end":{"line":48,"column":3}},{"start":{"line":32,"column":9},"end":{"line":48,"column":3}}],"line":30},"12":{"loc":{"start":{"line":32,"column":9},"end":{"line":48,"column":3}},"type":"if","locations":[{"start":{"line":32,"column":9},"end":{"line":48,"column":3}},{"start":{"line":34,"column":9},"end":{"line":48,"column":3}}],"line":32},"13":{"loc":{"start":{"line":34,"column":9},"end":{"line":48,"column":3}},"type":"if","locations":[{"start":{"line":34,"column":9},"end":{"line":48,"column":3}},{"start":{"line":36,"column":9},"end":{"line":48,"column":3}}],"line":34},"14":{"loc":{"start":{"line":36,"column":9},"end":{"line":48,"column":3}},"type":"if","locations":[{"start":{"line":36,"column":9},"end":{"line":48,"column":3}},{"start":{"line":38,"column":9},"end":{"line":48,"column":3}}],"line":36},"15":{"loc":{"start":{"line":38,"column":9},"end":{"line":48,"column":3}},"type":"if","locations":[{"start":{"line":38,"column":9},"end":{"line":48,"column":3}},{"start":{"line":40,"column":9},"end":{"line":48,"column":3}}],"line":38},"16":{"loc":{"start":{"line":40,"column":9},"end":{"line":48,"column":3}},"type":"if","locations":[{"start":{"line":40,"column":9},"end":{"line":48,"column":3}},{"start":{"line":42,"column":9},"end":{"line":48,"column":3}}],"line":40},"17":{"loc":{"start":{"line":42,"column":9},"end":{"line":48,"column":3}},"type":"if","locations":[{"start":{"line":42,"column":9},"end":{"line":48,"column":3}},{"start":{"line":44,"column":9},"end":{"line":48,"column":3}}],"line":42},"18":{"loc":{"start":{"line":44,"column":9},"end":{"line":48,"column":3}},"type":"if","locations":[{"start":{"line":44,"column":9},"end":{"line":48,"column":3}},{"start":{"line":46,"column":9},"end":{"line":48,"column":3}}],"line":44},"19":{"loc":{"start":{"line":46,"column":9},"end":{"line":48,"column":3}},"type":"if","locations":[{"start":{"line":46,"column":9},"end":{"line":48,"column":3}},{"start":{},"end":{}}],"line":46}},"s":{"0":1,"1":0,"2":0,"3":0,"4":0,"5":0,"6":0,"7":0,"8":0,"9":0,"10":0,"11":0,"12":0,"13":0,"14":0,"15":0,"16":0,"17":0,"18":0,"19":0,"20":0,"21":0,"22":0,"23":0,"24":0,"25":0,"26":0,"27":0,"28":0,"29":0,"30":0,"31":0,"32":0,"33":0,"34":0,"35":0,"36":0,"37":0,"38":0,"39":0,"40":0,"41":0,"42":0,"43":1,"44":0},"f":{"0":0,"1":0},"b":{"0":[0,0],"1":[0,0],"2":[0,0],"3":[0,0],"4":[0,0],"5":[0,0],"6":[0,0],"7":[0,0],"8":[0,0],"9":[0,0],"10":[0,0],"11":[0,0],"12":[0,0],"13":[0,0],"14":[0,0],"15":[0,0],"16":[0,0],"17":[0,0],"18":[0,0],"19":[0,0]},"_coverageSchema":"1a1c01bbd47fc00a2c39e90264f33305004495a9","hash":"caed85ff3f2f3cef67042e88feb0b975354636cb"}
,"/Users/joe/Documents/RPP32/senior-phase/fec_atelier/subcomponents/relatedItems/AddToOutfitCard.jsx": {"path":"/Users/joe/Documents/RPP32/senior-phase/fec_atelier/subcomponents/relatedItems/AddToOutfitCard.jsx","statementMap":{"0":{"start":{"line":6,"column":31},"end":{"line":15,"column":1}},"1":{"start":{"line":7,"column":2},"end":{"line":14,"column":3}}},"fnMap":{"0":{"name":"(anonymous_0)","decl":{"start":{"line":6,"column":31},"end":{"line":6,"column":32}},"loc":{"start":{"line":6,"column":42},"end":{"line":15,"column":1}},"line":6}},"branchMap":{},"s":{"0":1,"1":0},"f":{"0":0},"b":{},"_coverageSchema":"1a1c01bbd47fc00a2c39e90264f33305004495a9","hash":"39c2edc814138c95ae1f6548a1ea19d106a4c969"}
,"/Users/joe/Documents/RPP32/senior-phase/fec_atelier/subcomponents/relatedItems/ComparisonModal.jsx": {"path":"/Users/joe/Documents/RPP32/senior-phase/fec_atelier/subcomponents/relatedItems/ComparisonModal.jsx","statementMap":{"0":{"start":{"line":5,"column":4},"end":{"line":5,"column":17}},"1":{"start":{"line":6,"column":4},"end":{"line":8,"column":5}},"2":{"start":{"line":13,"column":4},"end":{"line":20,"column":5}}},"fnMap":{"0":{"name":"(anonymous_0)","decl":{"start":{"line":4,"column":2},"end":{"line":4,"column":3}},"loc":{"start":{"line":4,"column":21},"end":{"line":9,"column":3}},"line":4},"1":{"name":"(anonymous_1)","decl":{"start":{"line":12,"column":2},"end":{"line":12,"column":3}},"loc":{"start":{"line":12,"column":11},"end":{"line":21,"column":3}},"line":12}},"branchMap":{},"s":{"0":0,"1":0,"2":0},"f":{"0":0,"1":0},"b":{},"_coverageSchema":"1a1c01bbd47fc00a2c39e90264f33305004495a9","hash":"805b95988dbad12a2e6bb12cd7ce3519703bfcc5"}
,"/Users/joe/Documents/RPP32/senior-phase/fec_atelier/subcomponents/relatedItems/OutfitCard.jsx": {"path":"/Users/joe/Documents/RPP32/senior-phase/fec_atelier/subcomponents/relatedItems/OutfitCard.jsx","statementMap":{"0":{"start":{"line":5,"column":4},"end":{"line":5,"column":17}},"1":{"start":{"line":9,"column":4},"end":{"line":19,"column":5}}},"fnMap":{"0":{"name":"(anonymous_0)","decl":{"start":{"line":4,"column":2},"end":{"line":4,"column":3}},"loc":{"start":{"line":4,"column":21},"end":{"line":6,"column":3}},"line":4},"1":{"name":"(anonymous_1)","decl":{"start":{"line":8,"column":2},"end":{"line":8,"column":3}},"loc":{"start":{"line":8,"column":11},"end":{"line":20,"column":3}},"line":8}},"branchMap":{},"s":{"0":1,"1":1},"f":{"0":1,"1":1},"b":{},"_coverageSchema":"1a1c01bbd47fc00a2c39e90264f33305004495a9","hash":"9750921dfd3ae06e4c5bd50e0349d8396605527d"}
,"/Users/joe/Documents/RPP32/senior-phase/fec_atelier/subcomponents/relatedItems/OutfitList.jsx": {"path":"/Users/joe/Documents/RPP32/senior-phase/fec_atelier/subcomponents/relatedItems/OutfitList.jsx","statementMap":{"0":{"start":{"line":7,"column":4},"end":{"line":7,"column":17}},"1":{"start":{"line":11,"column":4},"end":{"line":16,"column":5}}},"fnMap":{"0":{"name":"(anonymous_0)","decl":{"start":{"line":6,"column":2},"end":{"line":6,"column":3}},"loc":{"start":{"line":6,"column":21},"end":{"line":8,"column":3}},"line":6},"1":{"name":"(anonymous_1)","decl":{"start":{"line":10,"column":2},"end":{"line":10,"column":3}},"loc":{"start":{"line":10,"column":11},"end":{"line":17,"column":3}},"line":10}},"branchMap":{},"s":{"0":0,"1":0},"f":{"0":0,"1":0},"b":{},"_coverageSchema":"1a1c01bbd47fc00a2c39e90264f33305004495a9","hash":"1ad1d2ff63951a1492a79901b34bca24a0f961d1"}
,"/Users/joe/Documents/RPP32/senior-phase/fec_atelier/subcomponents/relatedItems/ProductCard.jsx": {"path":"/Users/joe/Documents/RPP32/senior-phase/fec_atelier/subcomponents/relatedItems/ProductCard.jsx","statementMap":{"0":{"start":{"line":6,"column":16},"end":{"line":6,"column":29}},"1":{"start":{"line":10,"column":4},"end":{"line":10,"column":17}},"2":{"start":{"line":11,"column":4},"end":{"line":11,"column":51}},"3":{"start":{"line":12,"column":4},"end":{"line":12,"column":47}},"4":{"start":{"line":13,"column":4},"end":{"line":13,"column":51}},"5":{"start":{"line":18,"column":4},"end":{"line":22,"column":6}},"6":{"start":{"line":19,"column":6},"end":{"line":21,"column":7}},"7":{"start":{"line":20,"column":8},"end":{"line":20,"column":27}},"8":{"start":{"line":23,"column":4},"end":{"line":25,"column":5}},"9":{"start":{"line":24,"column":6},"end":{"line":24,"column":51}},"10":{"start":{"line":26,"column":4},"end":{"line":26,"column":23}},"11":{"start":{"line":30,"column":22},"end":{"line":30,"column":40}},"12":{"start":{"line":31,"column":4},"end":{"line":35,"column":5}},"13":{"start":{"line":32,"column":6},"end":{"line":32,"column":103}},"14":{"start":{"line":34,"column":6},"end":{"line":34,"column":52}},"15":{"start":{"line":39,"column":22},"end":{"line":39,"column":40}},"16":{"start":{"line":40,"column":4},"end":{"line":45,"column":5}},"17":{"start":{"line":41,"column":6},"end":{"line":41,"column":54}},"18":{"start":{"line":42,"column":6},"end":{"line":42,"column":85}},"19":{"start":{"line":44,"column":6},"end":{"line":44,"column":32}},"20":{"start":{"line":50,"column":4},"end":{"line":61,"column":5}}},"fnMap":{"0":{"name":"(anonymous_0)","decl":{"start":{"line":9,"column":2},"end":{"line":9,"column":3}},"loc":{"start":{"line":9,"column":21},"end":{"line":14,"column":3}},"line":9},"1":{"name":"(anonymous_1)","decl":{"start":{"line":16,"column":2},"end":{"line":16,"column":3}},"loc":{"start":{"line":16,"column":16},"end":{"line":27,"column":3}},"line":16},"2":{"name":"(anonymous_2)","decl":{"start":{"line":18,"column":40},"end":{"line":18,"column":41}},"loc":{"start":{"line":18,"column":48},"end":{"line":22,"column":5}},"line":18},"3":{"name":"(anonymous_3)","decl":{"start":{"line":29,"column":2},"end":{"line":29,"column":3}},"loc":{"start":{"line":29,"column":16},"end":{"line":36,"column":3}},"line":29},"4":{"name":"(anonymous_4)","decl":{"start":{"line":38,"column":2},"end":{"line":38,"column":3}},"loc":{"start":{"line":38,"column":14},"end":{"line":46,"column":3}},"line":38},"5":{"name":"(anonymous_5)","decl":{"start":{"line":49,"column":2},"end":{"line":49,"column":3}},"loc":{"start":{"line":49,"column":11},"end":{"line":62,"column":3}},"line":49}},"branchMap":{"0":{"loc":{"start":{"line":19,"column":6},"end":{"line":21,"column":7}},"type":"if","locations":[{"start":{"line":19,"column":6},"end":{"line":21,"column":7}},{"start":{},"end":{}}],"line":19},"1":{"loc":{"start":{"line":23,"column":4},"end":{"line":25,"column":5}},"type":"if","locations":[{"start":{"line":23,"column":4},"end":{"line":25,"column":5}},{"start":{},"end":{}}],"line":23},"2":{"loc":{"start":{"line":31,"column":4},"end":{"line":35,"column":5}},"type":"if","locations":[{"start":{"line":31,"column":4},"end":{"line":35,"column":5}},{"start":{"line":33,"column":11},"end":{"line":35,"column":5}}],"line":31},"3":{"loc":{"start":{"line":40,"column":4},"end":{"line":45,"column":5}},"type":"if","locations":[{"start":{"line":40,"column":4},"end":{"line":45,"column":5}},{"start":{"line":43,"column":11},"end":{"line":45,"column":5}}],"line":40}},"s":{"0":1,"1":1,"2":1,"3":1,"4":1,"5":1,"6":0,"7":0,"8":0,"9":0,"10":0,"11":0,"12":0,"13":0,"14":0,"15":1,"16":0,"17":0,"18":0,"19":0,"20":1},"f":{"0":1,"1":1,"2":0,"3":0,"4":1,"5":1},"b":{"0":[0,0],"1":[0,0],"2":[0,0],"3":[0,0]},"_coverageSchema":"1a1c01bbd47fc00a2c39e90264f33305004495a9","hash":"c697994a26c14079fa34bc1bcf96dead28cfbab4"}
,"/Users/joe/Documents/RPP32/senior-phase/fec_atelier/subcomponents/relatedItems/RelatedProductList.jsx": {"path":"/Users/joe/Documents/RPP32/senior-phase/fec_atelier/subcomponents/relatedItems/RelatedProductList.jsx","statementMap":{"0":{"start":{"line":7,"column":4},"end":{"line":7,"column":17}},"1":{"start":{"line":9,"column":4},"end":{"line":14,"column":5}},"2":{"start":{"line":15,"column":4},"end":{"line":15,"column":59}},"3":{"start":{"line":16,"column":4},"end":{"line":16,"column":61}},"4":{"start":{"line":17,"column":4},"end":{"line":17,"column":55}},"5":{"start":{"line":18,"column":4},"end":{"line":18,"column":57}},"6":{"start":{"line":19,"column":4},"end":{"line":19,"column":65}},"7":{"start":{"line":23,"column":4},"end":{"line":23,"column":25}},"8":{"start":{"line":27,"column":4},"end":{"line":27,"column":26}},"9":{"start":{"line":32,"column":4},"end":{"line":36,"column":5}},"10":{"start":{"line":33,"column":6},"end":{"line":33,"column":50}},"11":{"start":{"line":35,"column":6},"end":{"line":35,"column":22}},"12":{"start":{"line":37,"column":18},"end":{"line":37,"column":77}},"13":{"start":{"line":38,"column":4},"end":{"line":41,"column":6}},"14":{"start":{"line":46,"column":4},"end":{"line":50,"column":5}},"15":{"start":{"line":47,"column":6},"end":{"line":47,"column":50}},"16":{"start":{"line":49,"column":6},"end":{"line":49,"column":55}},"17":{"start":{"line":51,"column":18},"end":{"line":51,"column":77}},"18":{"start":{"line":52,"column":4},"end":{"line":55,"column":6}},"19":{"start":{"line":60,"column":24},"end":{"line":60,"column":26}},"20":{"start":{"line":61,"column":4},"end":{"line":68,"column":6}},"21":{"start":{"line":62,"column":6},"end":{"line":67,"column":8}},"22":{"start":{"line":63,"column":8},"end":{"line":66,"column":9}},"23":{"start":{"line":64,"column":25},"end":{"line":64,"column":50}},"24":{"start":{"line":65,"column":10},"end":{"line":65,"column":39}},"25":{"start":{"line":69,"column":4},"end":{"line":69,"column":25}},"26":{"start":{"line":73,"column":19},"end":{"line":73,"column":81}},"27":{"start":{"line":74,"column":4},"end":{"line":74,"column":47}},"28":{"start":{"line":75,"column":23},"end":{"line":75,"column":43}},"29":{"start":{"line":76,"column":4},"end":{"line":79,"column":6}},"30":{"start":{"line":83,"column":4},"end":{"line":98,"column":5}},"31":{"start":{"line":91,"column":12},"end":{"line":91,"column":128}}},"fnMap":{"0":{"name":"(anonymous_0)","decl":{"start":{"line":6,"column":2},"end":{"line":6,"column":3}},"loc":{"start":{"line":6,"column":21},"end":{"line":20,"column":3}},"line":6},"1":{"name":"(anonymous_1)","decl":{"start":{"line":22,"column":2},"end":{"line":22,"column":3}},"loc":{"start":{"line":22,"column":20},"end":{"line":24,"column":3}},"line":22},"2":{"name":"(anonymous_2)","decl":{"start":{"line":26,"column":2},"end":{"line":26,"column":3}},"loc":{"start":{"line":26,"column":21},"end":{"line":28,"column":3}},"line":26},"3":{"name":"(anonymous_3)","decl":{"start":{"line":30,"column":2},"end":{"line":30,"column":3}},"loc":{"start":{"line":30,"column":18},"end":{"line":42,"column":3}},"line":30},"4":{"name":"(anonymous_4)","decl":{"start":{"line":44,"column":2},"end":{"line":44,"column":3}},"loc":{"start":{"line":44,"column":19},"end":{"line":56,"column":3}},"line":44},"5":{"name":"(anonymous_5)","decl":{"start":{"line":58,"column":2},"end":{"line":58,"column":3}},"loc":{"start":{"line":58,"column":37},"end":{"line":70,"column":3}},"line":58},"6":{"name":"(anonymous_6)","decl":{"start":{"line":61,"column":19},"end":{"line":61,"column":20}},"loc":{"start":{"line":61,"column":27},"end":{"line":68,"column":5}},"line":61},"7":{"name":"(anonymous_7)","decl":{"start":{"line":62,"column":21},"end":{"line":62,"column":22}},"loc":{"start":{"line":62,"column":29},"end":{"line":67,"column":7}},"line":62},"8":{"name":"(anonymous_8)","decl":{"start":{"line":72,"column":2},"end":{"line":72,"column":3}},"loc":{"start":{"line":72,"column":22},"end":{"line":80,"column":3}},"line":72},"9":{"name":"(anonymous_9)","decl":{"start":{"line":82,"column":2},"end":{"line":82,"column":3}},"loc":{"start":{"line":82,"column":11},"end":{"line":99,"column":3}},"line":82},"10":{"name":"(anonymous_10)","decl":{"start":{"line":90,"column":38},"end":{"line":90,"column":39}},"loc":{"start":{"line":90,"column":55},"end":{"line":92,"column":11}},"line":90}},"branchMap":{"0":{"loc":{"start":{"line":32,"column":4},"end":{"line":36,"column":5}},"type":"if","locations":[{"start":{"line":32,"column":4},"end":{"line":36,"column":5}},{"start":{"line":34,"column":11},"end":{"line":36,"column":5}}],"line":32},"1":{"loc":{"start":{"line":46,"column":4},"end":{"line":50,"column":5}},"type":"if","locations":[{"start":{"line":46,"column":4},"end":{"line":50,"column":5}},{"start":{"line":48,"column":11},"end":{"line":50,"column":5}}],"line":46},"2":{"loc":{"start":{"line":63,"column":8},"end":{"line":66,"column":9}},"type":"if","locations":[{"start":{"line":63,"column":8},"end":{"line":66,"column":9}},{"start":{},"end":{}}],"line":63},"3":{"loc":{"start":{"line":88,"column":12},"end":{"line":88,"column":115}},"type":"cond-expr","locations":[{"start":{"line":88,"column":44},"end":{"line":88,"column":108}},{"start":{"line":88,"column":111},"end":{"line":88,"column":115}}],"line":88},"4":{"loc":{"start":{"line":94,"column":13},"end":{"line":94,"column":151}},"type":"cond-expr","locations":[{"start":{"line":94,"column":78},"end":{"line":94,"column":144}},{"start":{"line":94,"column":147},"end":{"line":94,"column":151}}],"line":94}},"s":{"0":0,"1":0,"2":0,"3":0,"4":0,"5":0,"6":0,"7":0,"8":0,"9":0,"10":0,"11":0,"12":0,"13":0,"14":0,"15":0,"16":0,"17":0,"18":0,"19":0,"20":0,"21":0,"22":0,"23":0,"24":0,"25":0,"26":0,"27":0,"28":0,"29":0,"30":0,"31":0},"f":{"0":0,"1":0,"2":0,"3":0,"4":0,"5":0,"6":0,"7":0,"8":0,"9":0,"10":0},"b":{"0":[0,0],"1":[0,0],"2":[0,0],"3":[0,0],"4":[0,0]},"_coverageSchema":"1a1c01bbd47fc00a2c39e90264f33305004495a9","hash":"bbaec7b361e69c1958770e80286948b64ede2f90"}
}
