TN:
SF:components/RelatedItems.jsx
FN:10,(anonymous_0)
FN:29,(anonymous_1)
FN:35,(anonymous_2)
FN:43,(anonymous_3)
FN:51,(anonymous_4)
FN:56,(anonymous_5)
FN:61,(anonymous_6)
FN:64,(anonymous_7)
FN:71,(anonymous_8)
FNF:9
FNH:3
FNDA:4,(anonymous_0)
FNDA:0,(anonymous_1)
FNDA:0,(anonymous_2)
FNDA:0,(anonymous_3)
FNDA:0,(anonymous_4)
FNDA:0,(anonymous_5)
FNDA:0,(anonymous_6)
FNDA:4,(anonymous_7)
FNDA:8,(anonymous_8)
DA:11,4
DA:12,4
DA:20,4
DA:21,4
DA:22,4
DA:23,4
DA:24,4
DA:25,4
DA:30,0
DA:36,0
DA:37,0
DA:38,0
DA:44,0
DA:45,0
DA:52,0
DA:57,0
DA:65,4
DA:72,8
LF:18
LH:10
BRDA:75,0,0,0
BRDA:75,0,1,4
BRDA:77,1,0,0
BRDA:77,1,1,4
BRF:4
BRH:2
end_of_record
TN:
SF:modules/stars.js
FN:3,(anonymous_0)
FN:56,(anonymous_1)
FNF:2
FNH:0
FNDA:0,(anonymous_0)
FNDA:0,(anonymous_1)
DA:3,1
DA:5,0
DA:8,0
DA:9,0
DA:10,0
DA:11,0
DA:12,0
DA:13,0
DA:14,0
DA:15,0
DA:16,0
DA:17,0
DA:18,0
DA:19,0
DA:20,0
DA:21,0
DA:22,0
DA:23,0
DA:24,0
DA:25,0
DA:26,0
DA:27,0
DA:28,0
DA:29,0
DA:30,0
DA:31,0
DA:32,0
DA:33,0
DA:34,0
DA:35,0
DA:36,0
DA:37,0
DA:38,0
DA:39,0
DA:40,0
DA:41,0
DA:42,0
DA:43,0
DA:44,0
DA:45,0
DA:46,0
DA:47,0
DA:50,0
DA:56,1
DA:57,0
LF:45
LH:2
BRDA:8,0,0,0
BRDA:8,0,1,0
BRDA:10,1,0,0
BRDA:10,1,1,0
BRDA:12,2,0,0
BRDA:12,2,1,0
BRDA:14,3,0,0
BRDA:14,3,1,0
BRDA:16,4,0,0
BRDA:16,4,1,0
BRDA:18,5,0,0
BRDA:18,5,1,0
BRDA:20,6,0,0
BRDA:20,6,1,0
BRDA:22,7,0,0
BRDA:22,7,1,0
BRDA:24,8,0,0
BRDA:24,8,1,0
BRDA:26,9,0,0
BRDA:26,9,1,0
BRDA:28,10,0,0
BRDA:28,10,1,0
BRDA:30,11,0,0
BRDA:30,11,1,0
BRDA:32,12,0,0
BRDA:32,12,1,0
BRDA:34,13,0,0
BRDA:34,13,1,0
BRDA:36,14,0,0
BRDA:36,14,1,0
BRDA:38,15,0,0
BRDA:38,15,1,0
BRDA:40,16,0,0
BRDA:40,16,1,0
BRDA:42,17,0,0
BRDA:42,17,1,0
BRDA:44,18,0,0
BRDA:44,18,1,0
BRDA:46,19,0,0
BRDA:46,19,1,0
BRF:40
BRH:0
end_of_record
TN:
SF:subcomponents/relatedItems/AddToOutfitCard.jsx
FN:6,(anonymous_0)
FNF:1
FNH:0
FNDA:0,(anonymous_0)
DA:6,1
DA:7,0
LF:2
LH:1
BRF:0
BRH:0
end_of_record
TN:
SF:subcomponents/relatedItems/ComparisonModal.jsx
FN:4,(anonymous_0)
FN:12,(anonymous_1)
FNF:2
FNH:0
FNDA:0,(anonymous_0)
FNDA:0,(anonymous_1)
DA:5,0
DA:6,0
DA:13,0
LF:3
LH:0
BRF:0
BRH:0
end_of_record
TN:
SF:subcomponents/relatedItems/OutfitCard.jsx
FN:4,(anonymous_0)
FN:8,(anonymous_1)
FNF:2
FNH:2
FNDA:1,(anonymous_0)
FNDA:1,(anonymous_1)
DA:5,1
DA:9,1
LF:2
LH:2
BRF:0
BRH:0
end_of_record
TN:
SF:subcomponents/relatedItems/OutfitList.jsx
FN:6,(anonymous_0)
FN:10,(anonymous_1)
FNF:2
FNH:0
FNDA:0,(anonymous_0)
FNDA:0,(anonymous_1)
DA:7,0
DA:11,0
LF:2
LH:0
BRF:0
BRH:0
end_of_record
TN:
SF:subcomponents/relatedItems/ProductCard.jsx
FN:9,(anonymous_0)
FN:16,(anonymous_1)
FN:18,(anonymous_2)
FN:29,(anonymous_3)
FN:38,(anonymous_4)
FN:49,(anonymous_5)
FNF:6
FNH:4
FNDA:1,(anonymous_0)
FNDA:1,(anonymous_1)
FNDA:0,(anonymous_2)
FNDA:0,(anonymous_3)
FNDA:1,(anonymous_4)
FNDA:1,(anonymous_5)
DA:6,1
DA:10,1
DA:11,1
DA:12,1
DA:13,1
DA:18,1
DA:19,0
DA:20,0
DA:23,0
DA:24,0
DA:26,0
DA:30,0
DA:31,0
DA:32,0
DA:34,0
DA:39,1
DA:40,0
DA:41,0
DA:42,0
DA:44,0
DA:50,1
LF:21
LH:8
BRDA:19,0,0,0
BRDA:19,0,1,0
BRDA:23,1,0,0
BRDA:23,1,1,0
BRDA:31,2,0,0
BRDA:31,2,1,0
BRDA:40,3,0,0
BRDA:40,3,1,0
BRF:8
BRH:0
end_of_record
TN:
SF:subcomponents/relatedItems/RelatedProductList.jsx
FN:6,(anonymous_0)
FN:22,(anonymous_1)
FN:26,(anonymous_2)
FN:30,(anonymous_3)
FN:44,(anonymous_4)
FN:58,(anonymous_5)
FN:61,(anonymous_6)
FN:62,(anonymous_7)
FN:72,(anonymous_8)
FN:82,(anonymous_9)
FN:90,(anonymous_10)
FNF:11
FNH:0
FNDA:0,(anonymous_0)
FNDA:0,(anonymous_1)
FNDA:0,(anonymous_2)
FNDA:0,(anonymous_3)
FNDA:0,(anonymous_4)
FNDA:0,(anonymous_5)
FNDA:0,(anonymous_6)
FNDA:0,(anonymous_7)
FNDA:0,(anonymous_8)
FNDA:0,(anonymous_9)
FNDA:0,(anonymous_10)
DA:7,0
DA:9,0
DA:15,0
DA:16,0
DA:17,0
DA:18,0
DA:19,0
DA:23,0
DA:27,0
DA:32,0
DA:33,0
DA:35,0
DA:37,0
DA:38,0
DA:46,0
DA:47,0
DA:49,0
DA:51,0
DA:52,0
DA:60,0
DA:61,0
DA:62,0
DA:63,0
DA:64,0
DA:65,0
DA:69,0
DA:73,0
DA:74,0
DA:75,0
DA:76,0
DA:83,0
DA:91,0
LF:32
LH:0
BRDA:32,0,0,0
BRDA:32,0,1,0
BRDA:46,1,0,0
BRDA:46,1,1,0
BRDA:63,2,0,0
BRDA:63,2,1,0
BRDA:88,3,0,0
BRDA:88,3,1,0
BRDA:94,4,0,0
BRDA:94,4,1,0
BRF:10
BRH:0
end_of_record
