TN:
SF:components/RelatedItems.jsx
FN:10,(anonymous_0)
FN:25,(anonymous_1)
FN:29,(anonymous_2)
FN:40,(anonymous_3)
FN:46,(anonymous_4)
FN:52,(anonymous_5)
FNF:6
FNH:3
FNDA:4,(anonymous_0)
FNDA:0,(anonymous_1)
FNDA:0,(anonymous_2)
FNDA:0,(anonymous_3)
FNDA:4,(anonymous_4)
FNDA:8,(anonymous_5)
DA:11,4
DA:12,4
DA:20,4
DA:21,4
DA:26,0
DA:27,0
DA:29,0
DA:30,0
DA:31,0
DA:34,0
DA:41,0
DA:47,4
DA:53,8
LF:13
LH:6
BRDA:30,0,0,0
BRDA:30,0,1,0
BRDA:58,1,0,0
BRDA:58,1,1,8
BRF:4
BRH:1
end_of_record
TN:
SF:modules/stars.js
FN:3,(anonymous_0)
FN:56,(anonymous_1)
FNF:2
FNH:0
FNDA:0,(anonymous_0)
FNDA:0,(anonymous_1)
DA:3,1
DA:5,0
DA:8,0
DA:9,0
DA:10,0
DA:11,0
DA:12,0
DA:13,0
DA:14,0
DA:15,0
DA:16,0
DA:17,0
DA:18,0
DA:19,0
DA:20,0
DA:21,0
DA:22,0
DA:23,0
DA:24,0
DA:25,0
DA:26,0
DA:27,0
DA:28,0
DA:29,0
DA:30,0
DA:31,0
DA:32,0
DA:33,0
DA:34,0
DA:35,0
DA:36,0
DA:37,0
DA:38,0
DA:39,0
DA:40,0
DA:41,0
DA:42,0
DA:43,0
DA:44,0
DA:45,0
DA:46,0
DA:47,0
DA:50,0
DA:56,1
DA:57,0
LF:45
LH:2
BRDA:8,0,0,0
BRDA:8,0,1,0
BRDA:10,1,0,0
BRDA:10,1,1,0
BRDA:12,2,0,0
BRDA:12,2,1,0
BRDA:14,3,0,0
BRDA:14,3,1,0
BRDA:16,4,0,0
BRDA:16,4,1,0
BRDA:18,5,0,0
BRDA:18,5,1,0
BRDA:20,6,0,0
BRDA:20,6,1,0
BRDA:22,7,0,0
BRDA:22,7,1,0
BRDA:24,8,0,0
BRDA:24,8,1,0
BRDA:26,9,0,0
BRDA:26,9,1,0
BRDA:28,10,0,0
BRDA:28,10,1,0
BRDA:30,11,0,0
BRDA:30,11,1,0
BRDA:32,12,0,0
BRDA:32,12,1,0
BRDA:34,13,0,0
BRDA:34,13,1,0
BRDA:36,14,0,0
BRDA:36,14,1,0
BRDA:38,15,0,0
BRDA:38,15,1,0
BRDA:40,16,0,0
BRDA:40,16,1,0
BRDA:42,17,0,0
BRDA:42,17,1,0
BRDA:44,18,0,0
BRDA:44,18,1,0
BRDA:46,19,0,0
BRDA:46,19,1,0
BRF:40
BRH:0
end_of_record
TN:
SF:subcomponents/relatedItems/AddToOutfitCard.jsx
FN:6,(anonymous_0)
FNF:1
FNH:0
FNDA:0,(anonymous_0)
DA:6,1
DA:7,0
LF:2
LH:1
BRF:0
BRH:0
end_of_record
TN:
SF:subcomponents/relatedItems/ComparisonModal.jsx
FN:4,(anonymous_0)
FN:17,(anonymous_1)
FN:21,(anonymous_2)
FN:25,(anonymous_3)
FN:31,(anonymous_4)
FN:40,(anonymous_5)
FN:48,(anonymous_6)
FN:54,(anonymous_7)
FN:57,(anonymous_8)
FN:70,(anonymous_9)
FNF:10
FNH:0
FNDA:0,(anonymous_0)
FNDA:0,(anonymous_1)
FNDA:0,(anonymous_2)
FNDA:0,(anonymous_3)
FNDA:0,(anonymous_4)
FNDA:0,(anonymous_5)
FNDA:0,(anonymous_6)
FNDA:0,(anonymous_7)
FNDA:0,(anonymous_8)
FNDA:0,(anonymous_9)
DA:5,0
DA:6,0
DA:12,0
DA:13,0
DA:18,0
DA:22,0
DA:23,0
DA:24,0
DA:25,0
DA:26,0
DA:27,0
DA:28,0
DA:29,0
DA:31,0
DA:32,0
DA:33,0
DA:34,0
DA:35,0
DA:36,0
DA:40,0
DA:41,0
DA:42,0
DA:43,0
DA:44,0
DA:46,0
DA:55,0
DA:56,0
DA:58,0
DA:71,0
LF:29
LH:0
BRDA:33,0,0,0
BRDA:33,0,1,0
BRDA:55,1,0,0
BRDA:55,1,1,0
BRDA:60,2,0,0
BRDA:60,2,1,0
BRDA:62,3,0,0
BRDA:62,3,1,0
BRF:8
BRH:0
end_of_record
TN:
SF:subcomponents/relatedItems/OutfitCard.jsx
FN:7,(anonymous_0)
FN:17,(anonymous_1)
FN:19,(anonymous_2)
FN:30,(anonymous_3)
FN:39,(anonymous_4)
FN:48,(anonymous_5)
FN:52,(anonymous_6)
FNF:7
FNH:2
FNDA:1,(anonymous_0)
FNDA:0,(anonymous_1)
FNDA:0,(anonymous_2)
FNDA:0,(anonymous_3)
FNDA:0,(anonymous_4)
FNDA:0,(anonymous_5)
FNDA:1,(anonymous_6)
DA:8,1
DA:10,1
DA:11,1
DA:12,1
DA:19,0
DA:20,0
DA:21,0
DA:24,0
DA:25,0
DA:27,0
DA:31,0
DA:32,0
DA:33,0
DA:35,0
DA:40,0
DA:41,0
DA:42,0
DA:44,0
DA:53,1
LF:19
LH:5
BRDA:20,0,0,0
BRDA:20,0,1,0
BRDA:24,1,0,0
BRDA:24,1,1,0
BRDA:32,2,0,0
BRDA:32,2,1,0
BRDA:41,3,0,0
BRDA:41,3,1,0
BRF:8
BRH:0
end_of_record
TN:
SF:subcomponents/relatedItems/OutfitList.jsx
FN:7,(anonymous_0)
FN:17,(anonymous_1)
FN:21,(anonymous_2)
FN:25,(anonymous_3)
FN:37,(anonymous_4)
FN:50,(anonymous_5)
FN:52,(anonymous_6)
FN:60,(anonymous_7)
FNF:8
FNH:3
FNDA:1,(anonymous_0)
FNDA:0,(anonymous_1)
FNDA:0,(anonymous_2)
FNDA:0,(anonymous_3)
FNDA:0,(anonymous_4)
FNDA:1,(anonymous_5)
FNDA:0,(anonymous_6)
FNDA:1,(anonymous_7)
DA:8,1
DA:10,1
DA:11,1
DA:12,1
DA:13,1
DA:14,1
DA:18,0
DA:22,0
DA:27,0
DA:28,0
DA:30,0
DA:32,0
DA:34,0
DA:39,0
DA:40,0
DA:42,0
DA:44,0
DA:46,0
DA:51,1
DA:52,0
DA:53,0
DA:61,1
LF:22
LH:8
BRDA:27,0,0,0
BRDA:27,0,1,0
BRDA:39,1,0,0
BRDA:39,1,1,0
BRDA:51,2,0,0
BRDA:51,2,1,0
BRDA:67,3,0,0
BRDA:67,3,1,1
BRDA:71,4,0,0
BRDA:71,4,1,0
BRF:10
BRH:1
end_of_record
TN:
SF:subcomponents/relatedItems/ProductCard.jsx
FN:7,(anonymous_0)
FN:14,(anonymous_1)
FN:16,(anonymous_2)
FN:27,(anonymous_3)
FN:36,(anonymous_4)
FN:46,(anonymous_5)
FNF:6
FNH:4
FNDA:1,(anonymous_0)
FNDA:1,(anonymous_1)
FNDA:0,(anonymous_2)
FNDA:0,(anonymous_3)
FNDA:1,(anonymous_4)
FNDA:1,(anonymous_5)
DA:8,1
DA:9,1
DA:10,1
DA:11,1
DA:16,1
DA:17,0
DA:18,0
DA:21,0
DA:22,0
DA:24,0
DA:28,0
DA:29,0
DA:30,0
DA:32,0
DA:37,1
DA:38,0
DA:39,0
DA:41,0
DA:47,1
LF:19
LH:7
BRDA:17,0,0,0
BRDA:17,0,1,0
BRDA:21,1,0,0
BRDA:21,1,1,0
BRDA:29,2,0,0
BRDA:29,2,1,0
BRDA:38,3,0,0
BRDA:38,3,1,0
BRF:8
BRH:0
end_of_record
TN:
SF:subcomponents/relatedItems/RelatedProductList.jsx
FN:6,(anonymous_0)
FN:20,(anonymous_1)
FN:24,(anonymous_2)
FN:28,(anonymous_3)
FN:42,(anonymous_4)
FN:56,(anonymous_5)
FN:62,(anonymous_6)
FN:65,(anonymous_7)
FN:73,(anonymous_8)
FNF:9
FNH:0
FNDA:0,(anonymous_0)
FNDA:0,(anonymous_1)
FNDA:0,(anonymous_2)
FNDA:0,(anonymous_3)
FNDA:0,(anonymous_4)
FNDA:0,(anonymous_5)
FNDA:0,(anonymous_6)
FNDA:0,(anonymous_7)
FNDA:0,(anonymous_8)
DA:7,0
DA:9,0
DA:14,0
DA:15,0
DA:16,0
DA:17,0
DA:21,0
DA:25,0
DA:30,0
DA:31,0
DA:33,0
DA:35,0
DA:36,0
DA:44,0
DA:45,0
DA:47,0
DA:49,0
DA:50,0
DA:57,0
DA:58,0
DA:59,0
DA:66,0
DA:74,0
LF:23
LH:0
BRDA:30,0,0,0
BRDA:30,0,1,0
BRDA:44,1,0,0
BRDA:44,1,1,0
BRDA:71,2,0,0
BRDA:71,2,1,0
BRDA:77,3,0,0
BRDA:77,3,1,0
BRF:8
BRH:0
end_of_record
TN:
SF:subcomponents/relatedItems/StarRating.jsx
FN:4,(anonymous_0)
FNF:1
FNH:0
FNDA:0,(anonymous_0)
DA:4,1
DA:6,0
DA:8,0
LF:3
LH:1
BRF:0
BRH:0
end_of_record
